Flow report for Keyboard
Tue May 16 11:15:09 2017
Quartus II 64-Bit Version 9.0 Build 132 02/25/2009 SJ Full Version


---------------------
; Table of Contents ;
---------------------
  1. Legal Notice
  2. Flow Summary
  3. Flow Settings
  4. Flow Non-Default Global Settings
  5. Flow Elapsed Time
  6. Flow OS Summary
  7. Flow Log



----------------
; Legal Notice ;
----------------
Copyright (C) 1991-2009 Altera Corporation
Your use of Altera Corporation's design tools, logic functions 
and other software and tools, and its AMPP partner logic 
functions, and any output files from any of the foregoing 
(including device programming or simulation files), and any 
associated documentation or information are expressly subject 
to the terms and conditions of the Altera Program License 
Subscription Agreement, Altera MegaCore Function License 
Agreement, or other applicable license agreement, including, 
without limitation, that your use is for the sole purpose of 
programming logic devices manufactured by Altera and sold by 
Altera or its authorized distributors.  Please refer to the 
applicable agreement for further details.



+-------------------------------------------------------------------------------+
; Flow Summary                                                                  ;
+------------------------------------+------------------------------------------+
; Flow Status                        ; Successful - Tue May 16 11:15:09 2017    ;
; Quartus II 64-Bit Version          ; 9.0 Build 132 02/25/2009 SJ Full Version ;
; Revision Name                      ; Keyboard                                 ;
; Top-level Entity Name              ; top                                      ;
; Family                             ; Cyclone II                               ;
; Device                             ; EP2C70F672C8                             ;
; Timing Models                      ; Final                                    ;
; Met timing requirements            ; No                                       ;
; Total logic elements               ; 75 / 68,416 ( < 1 % )                    ;
;     Total combinational functions  ; 66 / 68,416 ( < 1 % )                    ;
;     Dedicated logic registers      ; 34 / 68,416 ( < 1 % )                    ;
; Total registers                    ; 34                                       ;
; Total pins                         ; 29 / 422 ( 7 % )                         ;
; Total virtual pins                 ; 0                                        ;
; Total memory bits                  ; 0 / 1,152,000 ( 0 % )                    ;
; Embedded Multiplier 9-bit elements ; 0 / 300 ( 0 % )                          ;
; Total PLLs                         ; 0 / 4 ( 0 % )                            ;
+------------------------------------+------------------------------------------+


+-----------------------------------------+
; Flow Settings                           ;
+-------------------+---------------------+
; Option            ; Setting             ;
+-------------------+---------------------+
; Start date & time ; 05/16/2017 11:14:50 ;
; Main task         ; Compilation         ;
; Revision Name     ; Keyboard            ;
+-------------------+---------------------+


+--------------------------------------------------------------------------------------------------------------------------------------------------------+
; Flow Non-Default Global Settings                                                                                                                       ;
+------------------------------------+------------------------------------------------------------------------+---------------+-------------+------------+
; Assignment Name                    ; Value                                                                  ; Default Value ; Entity Name ; Section Id ;
+------------------------------------+------------------------------------------------------------------------+---------------+-------------+------------+
; COMPILER_SIGNATURE_ID              ; 44883555568801.149490449006196                                         ; --            ; --          ; --         ;
; MAX_CORE_JUNCTION_TEMP             ; 85                                                                     ; --            ; --          ; --         ;
; MIN_CORE_JUNCTION_TEMP             ; 0                                                                      ; --            ; --          ; --         ;
; MISC_FILE                          ; F:/1.study/数设/2010/ps2_keyboard_964307962/ps2_keyboard/Keyboard.dpf  ; --            ; --          ; --         ;
; MISC_FILE                          ; F:/1.study/数设/2010/ps2_keyboard/Keyboard.dpf                         ; --            ; --          ; --         ;
; MISC_FILE                          ; C:/Users/Hob Den/Documents/VHDLFiles/ps2_keyboard/Keyboard.dpf         ; --            ; --          ; --         ;
; MISC_FILE                          ; C:/Users/Hob Den/Documents/VHDLFiles/moveordie/keydecoder/Keyboard.dpf ; --            ; --          ; --         ;
; PARTITION_COLOR                    ; 2147039                                                                ; --            ; top         ; Top        ;
; PARTITION_NETLIST_TYPE             ; SOURCE                                                                 ; --            ; top         ; Top        ;
; TOP_LEVEL_ENTITY                   ; top                                                                    ; Keyboard      ; --          ; --         ;
; USE_GENERATED_PHYSICAL_CONSTRAINTS ; Off                                                                    ; --            ; --          ; eda_palace ;
+------------------------------------+------------------------------------------------------------------------+---------------+-------------+------------+


+-----------------------------------------------------------------------------------------------------------------------------+
; Flow Elapsed Time                                                                                                           ;
+-------------------------+--------------+-------------------------+---------------------+------------------------------------+
; Module Name             ; Elapsed Time ; Average Processors Used ; Peak Virtual Memory ; Total CPU Time (on all processors) ;
+-------------------------+--------------+-------------------------+---------------------+------------------------------------+
; Analysis & Synthesis    ; 00:00:01     ; 1.0                     ; 343 MB              ; 00:00:01                           ;
; Fitter                  ; 00:00:09     ; 1.0                     ; 501 MB              ; 00:00:09                           ;
; Assembler               ; 00:00:04     ; 1.0                     ; 431 MB              ; 00:00:04                           ;
; Classic Timing Analyzer ; 00:00:01     ; 1.0                     ; 243 MB              ; 00:00:00                           ;
; Total                   ; 00:00:15     ; --                      ; --                  ; 00:00:14                           ;
+-------------------------+--------------+-------------------------+---------------------+------------------------------------+


+------------------------------------------------------------------------------------------+
; Flow OS Summary                                                                          ;
+-------------------------+------------------+---------------+------------+----------------+
; Module Name             ; Machine Hostname ; OS Name       ; OS Version ; Processor type ;
+-------------------------+------------------+---------------+------------+----------------+
; Analysis & Synthesis    ; DESKTOP-OUT688T  ; Windows Vista ; 6.2        ; x86_64         ;
; Fitter                  ; DESKTOP-OUT688T  ; Windows Vista ; 6.2        ; x86_64         ;
; Assembler               ; DESKTOP-OUT688T  ; Windows Vista ; 6.2        ; x86_64         ;
; Classic Timing Analyzer ; DESKTOP-OUT688T  ; Windows Vista ; 6.2        ; x86_64         ;
+-------------------------+------------------+---------------+------------+----------------+


------------
; Flow Log ;
------------
quartus_map --read_settings_files=on --write_settings_files=off Keyboard -c Keyboard
quartus_fit --read_settings_files=off --write_settings_files=off Keyboard -c Keyboard
quartus_asm --read_settings_files=off --write_settings_files=off Keyboard -c Keyboard
quartus_tan --read_settings_files=off --write_settings_files=off Keyboard -c Keyboard --timing_analysis_only



