Analysis & Synthesis report for MoveOrDie
Tue May 16 16:43:39 2017
Quartus II 64-Bit Version 9.0 Build 132 02/25/2009 SJ Full Version


---------------------
; Table of Contents ;
---------------------
  1. Legal Notice
  2. Analysis & Synthesis Summary
  3. Analysis & Synthesis Settings
  4. Analysis & Synthesis Source Files Read
  5. Analysis & Synthesis Resource Usage Summary
  6. Analysis & Synthesis Resource Utilization by Entity
  7. State Machine - |MoveOrDie|WASDDecoder:u1|Keyboard:u0|state
  8. User-Specified and Inferred Latches
  9. Registers Removed During Synthesis
 10. General Register Statistics
 11. Inverted Register Statistics
 12. Parameter Settings for User Entity Instance: ClkDivider:u0
 13. Analysis & Synthesis Messages



----------------
; Legal Notice ;
----------------
Copyright (C) 1991-2009 Altera Corporation
Your use of Altera Corporation's design tools, logic functions 
and other software and tools, and its AMPP partner logic 
functions, and any output files from any of the foregoing 
(including device programming or simulation files), and any 
associated documentation or information are expressly subject 
to the terms and conditions of the Altera Program License 
Subscription Agreement, Altera MegaCore Function License 
Agreement, or other applicable license agreement, including, 
without limitation, that your use is for the sole purpose of 
programming logic devices manufactured by Altera and sold by 
Altera or its authorized distributors.  Please refer to the 
applicable agreement for further details.



+-------------------------------------------------------------------------------+
; Analysis & Synthesis Summary                                                  ;
+------------------------------------+------------------------------------------+
; Analysis & Synthesis Status        ; Successful - Tue May 16 16:43:39 2017    ;
; Quartus II 64-Bit Version          ; 9.0 Build 132 02/25/2009 SJ Full Version ;
; Revision Name                      ; MoveOrDie                                ;
; Top-level Entity Name              ; MoveOrDie                                ;
; Family                             ; Cyclone II                               ;
; Total logic elements               ; 152                                      ;
;     Total combinational functions  ; 138                                      ;
;     Dedicated logic registers      ; 96                                       ;
; Total registers                    ; 96                                       ;
; Total pins                         ; 14                                       ;
; Total virtual pins                 ; 0                                        ;
; Total memory bits                  ; 0                                        ;
; Embedded Multiplier 9-bit elements ; 0                                        ;
; Total PLLs                         ; 0                                        ;
+------------------------------------+------------------------------------------+


+----------------------------------------------------------------------------------------------------------+
; Analysis & Synthesis Settings                                                                            ;
+----------------------------------------------------------------+--------------------+--------------------+
; Option                                                         ; Setting            ; Default Value      ;
+----------------------------------------------------------------+--------------------+--------------------+
; Device                                                         ; EP2C70F672C8       ;                    ;
; Top-level entity name                                          ; MoveOrDie          ; MoveOrDie          ;
; Family name                                                    ; Cyclone II         ; Stratix II         ;
; Use Generated Physical Constraints File                        ; Off                ;                    ;
; Use smart compilation                                          ; Off                ; Off                ;
; Restructure Multiplexers                                       ; Auto               ; Auto               ;
; Create Debugging Nodes for IP Cores                            ; Off                ; Off                ;
; Preserve fewer node names                                      ; On                 ; On                 ;
; Disable OpenCore Plus hardware evaluation                      ; Off                ; Off                ;
; Verilog Version                                                ; Verilog_2001       ; Verilog_2001       ;
; VHDL Version                                                   ; VHDL93             ; VHDL93             ;
; State Machine Processing                                       ; Auto               ; Auto               ;
; Safe State Machine                                             ; Off                ; Off                ;
; Extract Verilog State Machines                                 ; On                 ; On                 ;
; Extract VHDL State Machines                                    ; On                 ; On                 ;
; Ignore Verilog initial constructs                              ; Off                ; Off                ;
; Iteration limit for constant Verilog loops                     ; 5000               ; 5000               ;
; Iteration limit for non-constant Verilog loops                 ; 250                ; 250                ;
; Add Pass-Through Logic to Inferred RAMs                        ; On                 ; On                 ;
; Parallel Synthesis                                             ; Off                ; Off                ;
; DSP Block Balancing                                            ; Auto               ; Auto               ;
; NOT Gate Push-Back                                             ; On                 ; On                 ;
; Power-Up Don't Care                                            ; On                 ; On                 ;
; Remove Redundant Logic Cells                                   ; Off                ; Off                ;
; Remove Duplicate Registers                                     ; On                 ; On                 ;
; Ignore CARRY Buffers                                           ; Off                ; Off                ;
; Ignore CASCADE Buffers                                         ; Off                ; Off                ;
; Ignore GLOBAL Buffers                                          ; Off                ; Off                ;
; Ignore ROW GLOBAL Buffers                                      ; Off                ; Off                ;
; Ignore LCELL Buffers                                           ; Off                ; Off                ;
; Ignore SOFT Buffers                                            ; On                 ; On                 ;
; Limit AHDL Integers to 32 Bits                                 ; Off                ; Off                ;
; Optimization Technique                                         ; Balanced           ; Balanced           ;
; Carry Chain Length                                             ; 70                 ; 70                 ;
; Auto Carry Chains                                              ; On                 ; On                 ;
; Auto Open-Drain Pins                                           ; On                 ; On                 ;
; Perform WYSIWYG Primitive Resynthesis                          ; Off                ; Off                ;
; Auto ROM Replacement                                           ; On                 ; On                 ;
; Auto RAM Replacement                                           ; On                 ; On                 ;
; Auto Shift Register Replacement                                ; Auto               ; Auto               ;
; Auto Clock Enable Replacement                                  ; On                 ; On                 ;
; Strict RAM Replacement                                         ; Off                ; Off                ;
; Allow Synchronous Control Signals                              ; On                 ; On                 ;
; Force Use of Synchronous Clear Signals                         ; Off                ; Off                ;
; Auto RAM to Logic Cell Conversion                              ; Off                ; Off                ;
; Auto Resource Sharing                                          ; Off                ; Off                ;
; Allow Any RAM Size For Recognition                             ; Off                ; Off                ;
; Allow Any ROM Size For Recognition                             ; Off                ; Off                ;
; Allow Any Shift Register Size For Recognition                  ; Off                ; Off                ;
; Use LogicLock Constraints during Resource Balancing            ; On                 ; On                 ;
; Ignore translate_off and synthesis_off directives              ; Off                ; Off                ;
; Timing-Driven Synthesis                                        ; Off                ; Off                ;
; Show Parameter Settings Tables in Synthesis Report             ; On                 ; On                 ;
; Ignore Maximum Fan-Out Assignments                             ; Off                ; Off                ;
; Synchronization Register Chain Length                          ; 2                  ; 2                  ;
; PowerPlay Power Optimization                                   ; Normal compilation ; Normal compilation ;
; HDL message level                                              ; Level2             ; Level2             ;
; Suppress Register Optimization Related Messages                ; Off                ; Off                ;
; Number of Removed Registers Reported in Synthesis Report       ; 100                ; 100                ;
; Number of Inverted Registers Reported in Synthesis Report      ; 100                ; 100                ;
; Clock MUX Protection                                           ; On                 ; On                 ;
; Auto Gated Clock Conversion                                    ; Off                ; Off                ;
; Block Design Naming                                            ; Auto               ; Auto               ;
; SDC constraint protection                                      ; Off                ; Off                ;
; Synthesis Effort                                               ; Auto               ; Auto               ;
; Allows Asynchronous Clear Usage For Shift Register Replacement ; On                 ; On                 ;
; Analysis & Synthesis Message Level                             ; Medium             ; Medium             ;
+----------------------------------------------------------------+--------------------+--------------------+


+---------------------------------------------------------------------------------------------------------------------------------------------------------------+
; Analysis & Synthesis Source Files Read                                                                                                                        ;
+---------------------------------------+-----------------+-----------------+-----------------------------------------------------------------------------------+
; File Name with User-Entered Path      ; Used in Netlist ; File Type       ; File Name with Absolute Path                                                      ;
+---------------------------------------+-----------------+-----------------+-----------------------------------------------------------------------------------+
; ../src/vga/moveController.vhd         ; yes             ; User VHDL File  ; C:/Users/Hob Den/Documents/VHDLFiles/moveordie/src/vga/moveController.vhd         ;
; ../src/utils/clkdivider.vhd           ; yes             ; User VHDL File  ; C:/Users/Hob Den/Documents/VHDLFiles/moveordie/src/utils/clkdivider.vhd           ;
; ../src/vga/vga640480.vhd              ; yes             ; User VHDL File  ; C:/Users/Hob Den/Documents/VHDLFiles/moveordie/src/vga/vga640480.vhd              ;
; ../src/top/moveordie.vhd              ; yes             ; User VHDL File  ; C:/Users/Hob Den/Documents/VHDLFiles/moveordie/src/top/moveordie.vhd              ;
; ../src/keydecoder/keyboard.vhd        ; yes             ; User VHDL File  ; C:/Users/Hob Den/Documents/VHDLFiles/moveordie/src/keydecoder/keyboard.vhd        ;
; ../src/keydecoder/keyboarddecoder.vhd ; yes             ; User VHDL File  ; C:/Users/Hob Den/Documents/VHDLFiles/moveordie/src/keydecoder/keyboarddecoder.vhd ;
; ../src/keydecoder/wasddecoder.vhd     ; yes             ; User VHDL File  ; C:/Users/Hob Den/Documents/VHDLFiles/moveordie/src/keydecoder/wasddecoder.vhd     ;
+---------------------------------------+-----------------+-----------------+-----------------------------------------------------------------------------------+


+----------------------------------------------------------+
; Analysis & Synthesis Resource Usage Summary              ;
+---------------------------------------------+------------+
; Resource                                    ; Usage      ;
+---------------------------------------------+------------+
; Estimated Total logic elements              ; 152        ;
;                                             ;            ;
; Total combinational functions               ; 138        ;
; Logic element usage by number of LUT inputs ;            ;
;     -- 4 input functions                    ; 49         ;
;     -- 3 input functions                    ; 33         ;
;     -- <=2 input functions                  ; 56         ;
;                                             ;            ;
; Logic elements by mode                      ;            ;
;     -- normal mode                          ; 85         ;
;     -- arithmetic mode                      ; 53         ;
;                                             ;            ;
; Total registers                             ; 96         ;
;     -- Dedicated logic registers            ; 96         ;
;     -- I/O registers                        ; 0          ;
;                                             ;            ;
; I/O pins                                    ; 14         ;
; Maximum fan-out node                        ; CLK_100MHz ;
; Maximum fan-out                             ; 45         ;
; Total fan-out                               ; 639        ;
; Average fan-out                             ; 2.58       ;
+---------------------------------------------+------------+


+------------------------------------------------------------------------------------------------------------------------------------------------------------------------------------------------------+
; Analysis & Synthesis Resource Utilization by Entity                                                                                                                                                  ;
+----------------------------+-------------------+--------------+-------------+--------------+---------+-----------+------+--------------+----------------------------------------------+--------------+
; Compilation Hierarchy Node ; LC Combinationals ; LC Registers ; Memory Bits ; DSP Elements ; DSP 9x9 ; DSP 18x18 ; Pins ; Virtual Pins ; Full Hierarchy Name                          ; Library Name ;
+----------------------------+-------------------+--------------+-------------+--------------+---------+-----------+------+--------------+----------------------------------------------+--------------+
; |MoveOrDie                 ; 138 (0)           ; 96 (0)       ; 0           ; 0            ; 0       ; 0         ; 14   ; 0            ; |MoveOrDie                                   ; work         ;
;    |ClkDivider:u0|         ; 19 (19)           ; 19 (19)      ; 0           ; 0            ; 0       ; 0         ; 0    ; 0            ; |MoveOrDie|ClkDivider:u0                     ; work         ;
;    |MoveController:u2|     ; 24 (24)           ; 20 (20)      ; 0           ; 0            ; 0       ; 0         ; 0    ; 0            ; |MoveOrDie|MoveController:u2                 ; work         ;
;    |VGA640480:u3|          ; 55 (55)           ; 27 (27)      ; 0           ; 0            ; 0       ; 0         ; 0    ; 0            ; |MoveOrDie|VGA640480:u3                      ; work         ;
;    |WASDDecoder:u1|        ; 40 (0)            ; 30 (0)       ; 0           ; 0            ; 0       ; 0         ; 0    ; 0            ; |MoveOrDie|WASDDecoder:u1                    ; work         ;
;       |Keyboard:u0|        ; 27 (27)           ; 25 (25)      ; 0           ; 0            ; 0       ; 0         ; 0    ; 0            ; |MoveOrDie|WASDDecoder:u1|Keyboard:u0        ; work         ;
;       |KeyboardDecoder:u1| ; 13 (13)           ; 5 (5)        ; 0           ; 0            ; 0       ; 0         ; 0    ; 0            ; |MoveOrDie|WASDDecoder:u1|KeyboardDecoder:u1 ; work         ;
+----------------------------+-------------------+--------------+-------------+--------------+---------+-----------+------+--------------+----------------------------------------------+--------------+
Note: For table entries with two numbers listed, the numbers in parentheses indicate the number of resources of the given type used by the specific entity alone. The numbers listed outside of parentheses indicate the total resources of the given type used by the specific entity and all of its sub-entities in the hierarchy.


Encoding Type:  One-Hot
+-----------------------------------------------------------------------------------------------------------------------------------------------------------------------------+
; State Machine - |MoveOrDie|WASDDecoder:u1|Keyboard:u0|state                                                                                                                 ;
+--------------+--------------+------------+--------------+----------+----------+----------+----------+----------+----------+----------+----------+-------------+-------------+
; Name         ; state.finish ; state.stop ; state.parity ; state.d7 ; state.d6 ; state.d5 ; state.d4 ; state.d3 ; state.d2 ; state.d1 ; state.d0 ; state.start ; state.delay ;
+--------------+--------------+------------+--------------+----------+----------+----------+----------+----------+----------+----------+----------+-------------+-------------+
; state.delay  ; 0            ; 0          ; 0            ; 0        ; 0        ; 0        ; 0        ; 0        ; 0        ; 0        ; 0        ; 0           ; 0           ;
; state.start  ; 0            ; 0          ; 0            ; 0        ; 0        ; 0        ; 0        ; 0        ; 0        ; 0        ; 0        ; 1           ; 1           ;
; state.d0     ; 0            ; 0          ; 0            ; 0        ; 0        ; 0        ; 0        ; 0        ; 0        ; 0        ; 1        ; 0           ; 1           ;
; state.d1     ; 0            ; 0          ; 0            ; 0        ; 0        ; 0        ; 0        ; 0        ; 0        ; 1        ; 0        ; 0           ; 1           ;
; state.d2     ; 0            ; 0          ; 0            ; 0        ; 0        ; 0        ; 0        ; 0        ; 1        ; 0        ; 0        ; 0           ; 1           ;
; state.d3     ; 0            ; 0          ; 0            ; 0        ; 0        ; 0        ; 0        ; 1        ; 0        ; 0        ; 0        ; 0           ; 1           ;
; state.d4     ; 0            ; 0          ; 0            ; 0        ; 0        ; 0        ; 1        ; 0        ; 0        ; 0        ; 0        ; 0           ; 1           ;
; state.d5     ; 0            ; 0          ; 0            ; 0        ; 0        ; 1        ; 0        ; 0        ; 0        ; 0        ; 0        ; 0           ; 1           ;
; state.d6     ; 0            ; 0          ; 0            ; 0        ; 1        ; 0        ; 0        ; 0        ; 0        ; 0        ; 0        ; 0           ; 1           ;
; state.d7     ; 0            ; 0          ; 0            ; 1        ; 0        ; 0        ; 0        ; 0        ; 0        ; 0        ; 0        ; 0           ; 1           ;
; state.parity ; 0            ; 0          ; 1            ; 0        ; 0        ; 0        ; 0        ; 0        ; 0        ; 0        ; 0        ; 0           ; 1           ;
; state.stop   ; 0            ; 1          ; 0            ; 0        ; 0        ; 0        ; 0        ; 0        ; 0        ; 0        ; 0        ; 0           ; 1           ;
; state.finish ; 1            ; 0          ; 0            ; 0        ; 0        ; 0        ; 0        ; 0        ; 0        ; 0        ; 0        ; 0           ; 1           ;
+--------------+--------------+------------+--------------+----------+----------+----------+----------+----------+----------+----------+----------+-------------+-------------+


+--------------------------------------------------------------------------------------------------------------+
; User-Specified and Inferred Latches                                                                          ;
+----------------------------------------------------+--------------------------------+------------------------+
; Latch Name                                         ; Latch Enable Signal            ; Free of Timing Hazards ;
+----------------------------------------------------+--------------------------------+------------------------+
; WASDDecoder:u1|Keyboard:u0|scancode[7]             ; WASDDecoder:u1|Keyboard:u0|loe ; yes                    ;
; WASDDecoder:u1|Keyboard:u0|scancode[6]             ; WASDDecoder:u1|Keyboard:u0|loe ; yes                    ;
; WASDDecoder:u1|Keyboard:u0|scancode[5]             ; WASDDecoder:u1|Keyboard:u0|loe ; yes                    ;
; WASDDecoder:u1|Keyboard:u0|scancode[4]             ; WASDDecoder:u1|Keyboard:u0|loe ; yes                    ;
; WASDDecoder:u1|Keyboard:u0|scancode[3]             ; WASDDecoder:u1|Keyboard:u0|loe ; yes                    ;
; WASDDecoder:u1|Keyboard:u0|scancode[2]             ; WASDDecoder:u1|Keyboard:u0|loe ; yes                    ;
; WASDDecoder:u1|Keyboard:u0|scancode[1]             ; WASDDecoder:u1|Keyboard:u0|loe ; yes                    ;
; WASDDecoder:u1|Keyboard:u0|scancode[0]             ; WASDDecoder:u1|Keyboard:u0|loe ; yes                    ;
; Number of user-specified and inferred latches = 8  ;                                ;                        ;
+----------------------------------------------------+--------------------------------+------------------------+
Note: All latches listed above may not be present at the end of synthesis due to various synthesis optimizations.


+-------------------------------------------------------------------------+
; Registers Removed During Synthesis                                      ;
+---------------------------------------+---------------------------------+
; Register name                         ; Reason for Removal              ;
+---------------------------------------+---------------------------------+
; VGA640480:u3|l_b[0..2]                ; Merged with VGA640480:u3|l_r[2] ;
; VGA640480:u3|l_g[0..2]                ; Merged with VGA640480:u3|l_r[2] ;
; VGA640480:u3|l_r[0..1]                ; Merged with VGA640480:u3|l_r[2] ;
; Total Number of Removed Registers = 8 ;                                 ;
+---------------------------------------+---------------------------------+


+------------------------------------------------------+
; General Register Statistics                          ;
+----------------------------------------------+-------+
; Statistic                                    ; Value ;
+----------------------------------------------+-------+
; Total registers                              ; 96    ;
; Number of registers using Synchronous Clear  ; 18    ;
; Number of registers using Synchronous Load   ; 0     ;
; Number of registers using Asynchronous Clear ; 0     ;
; Number of registers using Asynchronous Load  ; 0     ;
; Number of registers using Clock Enable       ; 18    ;
; Number of registers using Preset             ; 0     ;
+----------------------------------------------+-------+


+---------------------------------------------------+
; Inverted Register Statistics                      ;
+-----------------------------------------+---------+
; Inverted Register                       ; Fan out ;
+-----------------------------------------+---------+
; MoveController:u2|l_X[9]                ; 2       ;
; MoveController:u2|l_Y[9]                ; 2       ;
; WASDDecoder:u1|KeyboardDecoder:u1|state ; 5       ;
; Total number of inverted registers = 3  ;         ;
+-----------------------------------------+---------+


+------------------------------------------------------------+
; Parameter Settings for User Entity Instance: ClkDivider:u0 ;
+----------------+-------+-----------------------------------+
; Parameter Name ; Value ; Type                              ;
+----------------+-------+-----------------------------------+
; n              ; 18    ; Signed Integer                    ;
+----------------+-------+-----------------------------------+
Note: In order to hide this table in the UI and the text report file, please set the "Show Parameter Settings Tables in Synthesis Report" option in "Analysis and Synthesis Settings -> More Settings" to "Off".


+-------------------------------+
; Analysis & Synthesis Messages ;
+-------------------------------+
Info: *******************************************************************
Info: Running Quartus II 64-Bit Analysis & Synthesis
    Info: Version 9.0 Build 132 02/25/2009 SJ Full Version
    Info: Processing started: Tue May 16 16:43:38 2017
Info: Command: quartus_map --read_settings_files=on --write_settings_files=off MoveOrDie -c MoveOrDie
Info: Found 2 design units, including 1 entities, in source file ../src/vga/moveController.vhd
    Info: Found design unit 1: MoveController-behave
    Info: Found entity 1: MoveController
Info: Found 2 design units, including 1 entities, in source file ../src/utils/clkdivider.vhd
    Info: Found design unit 1: ClkDivider-behave
    Info: Found entity 1: ClkDivider
Info: Found 2 design units, including 1 entities, in source file ../src/vga/vga640480.vhd
    Info: Found design unit 1: VGA640480-behavior
    Info: Found entity 1: VGA640480
Info: Found 2 design units, including 1 entities, in source file ../src/top/moveordie.vhd
    Info: Found design unit 1: MoveOrDie-behave
    Info: Found entity 1: MoveOrDie
Info: Found 2 design units, including 1 entities, in source file ../src/utils/counter.vhd
    Info: Found design unit 1: Counter-behave
    Info: Found entity 1: Counter
Info: Found 2 design units, including 1 entities, in source file ../src/utils/displaydecoder.vhd
    Info: Found design unit 1: DisplayDecoder-behave
    Info: Found entity 1: DisplayDecoder
Info: Found 2 design units, including 1 entities, in source file ../src/keydecoder/keyboard.vhd
    Info: Found design unit 1: Keyboard-rtl
    Info: Found entity 1: Keyboard
Info: Found 2 design units, including 1 entities, in source file ../src/keydecoder/keyboarddecoder.vhd
    Info: Found design unit 1: KeyboardDecoder-behave
    Info: Found entity 1: KeyboardDecoder
Info: Found 2 design units, including 1 entities, in source file ../src/keydecoder/wasddecoder.vhd
    Info: Found design unit 1: WASDDecoder-behave
    Info: Found entity 1: WASDDecoder
Info: Elaborating entity "MoveOrDie" for the top level hierarchy
Info: Elaborating entity "ClkDivider" for hierarchy "ClkDivider:u0"
Info: Elaborating entity "WASDDecoder" for hierarchy "WASDDecoder:u1"
Info: Elaborating entity "Keyboard" for hierarchy "WASDDecoder:u1|Keyboard:u0"
Info (10041): Inferred latch for "scancode[0]" at keyboard.vhd(31)
Info (10041): Inferred latch for "scancode[1]" at keyboard.vhd(31)
Info (10041): Inferred latch for "scancode[2]" at keyboard.vhd(31)
Info (10041): Inferred latch for "scancode[3]" at keyboard.vhd(31)
Info (10041): Inferred latch for "scancode[4]" at keyboard.vhd(31)
Info (10041): Inferred latch for "scancode[5]" at keyboard.vhd(31)
Info (10041): Inferred latch for "scancode[6]" at keyboard.vhd(31)
Info (10041): Inferred latch for "scancode[7]" at keyboard.vhd(31)
Info: Elaborating entity "KeyboardDecoder" for hierarchy "WASDDecoder:u1|KeyboardDecoder:u1"
Info: Elaborating entity "MoveController" for hierarchy "MoveController:u2"
Info: Elaborating entity "VGA640480" for hierarchy "VGA640480:u3"
Info: Implemented 166 device resources after synthesis - the final resource count might be different
    Info: Implemented 3 input pins
    Info: Implemented 11 output pins
    Info: Implemented 152 logic cells
Info: Quartus II 64-Bit Analysis & Synthesis was successful. 0 errors, 0 warnings
    Info: Peak virtual memory: 344 megabytes
    Info: Processing ended: Tue May 16 16:43:39 2017
    Info: Elapsed time: 00:00:01
    Info: Total CPU time (on all processors): 00:00:01


