Flow report for MoveOrDieServer
Mon May 29 15:38:26 2017
Quartus II Version 9.0 Build 132 02/25/2009 SJ Full Version


---------------------
; Table of Contents ;
---------------------
  1. Legal Notice
  2. Flow Summary
  3. Flow Settings
  4. Flow Non-Default Global Settings
  5. Flow Elapsed Time
  6. Flow OS Summary
  7. Flow Log



----------------
; Legal Notice ;
----------------
Copyright (C) 1991-2009 Altera Corporation
Your use of Altera Corporation's design tools, logic functions 
and other software and tools, and its AMPP partner logic 
functions, and any output files from any of the foregoing 
(including device programming or simulation files), and any 
associated documentation or information are expressly subject 
to the terms and conditions of the Altera Program License 
Subscription Agreement, Altera MegaCore Function License 
Agreement, or other applicable license agreement, including, 
without limitation, that your use is for the sole purpose of 
programming logic devices manufactured by Altera and sold by 
Altera or its authorized distributors.  Please refer to the 
applicable agreement for further details.



+-------------------------------------------------------------------------------+
; Flow Summary                                                                  ;
+------------------------------------+------------------------------------------+
; Flow Status                        ; Successful - Mon May 29 15:38:26 2017    ;
; Quartus II Version                 ; 9.0 Build 132 02/25/2009 SJ Full Version ;
; Revision Name                      ; MoveOrDieServer                          ;
; Top-level Entity Name              ; MoveOrDieServer                          ;
; Family                             ; Cyclone II                               ;
; Device                             ; EP2C70F672C8                             ;
; Timing Models                      ; Final                                    ;
; Met timing requirements            ; No                                       ;
; Total logic elements               ; 245 / 68,416 ( < 1 % )                   ;
;     Total combinational functions  ; 243 / 68,416 ( < 1 % )                   ;
;     Dedicated logic registers      ; 86 / 68,416 ( < 1 % )                    ;
; Total registers                    ; 86                                       ;
; Total pins                         ; 23 / 422 ( 5 % )                         ;
; Total virtual pins                 ; 0                                        ;
; Total memory bits                  ; 86,400 / 1,152,000 ( 8 % )               ;
; Embedded Multiplier 9-bit elements ; 0 / 300 ( 0 % )                          ;
; Total PLLs                         ; 0 / 4 ( 0 % )                            ;
+------------------------------------+------------------------------------------+


+-----------------------------------------+
; Flow Settings                           ;
+-------------------+---------------------+
; Option            ; Setting             ;
+-------------------+---------------------+
; Start date & time ; 05/29/2017 15:38:06 ;
; Main task         ; Compilation         ;
; Revision Name     ; MoveOrDieServer     ;
+-------------------+---------------------+


+--------------------------------------------------------------------------------------------------------------------------------------------------------------+
; Flow Non-Default Global Settings                                                                                                                             ;
+------------------------------------+--------------------------------------------------------------------------+---------------+-------------+----------------+
; Assignment Name                    ; Value                                                                    ; Default Value ; Entity Name ; Section Id     ;
+------------------------------------+--------------------------------------------------------------------------+---------------+-------------+----------------+
; COMPILER_SIGNATURE_ID              ; 237897736345918.149604348613992                                          ; --            ; --          ; --             ;
; MAX_CORE_JUNCTION_TEMP             ; 85                                                                       ; --            ; --          ; --             ;
; MIN_CORE_JUNCTION_TEMP             ; 0                                                                        ; --            ; --          ; --             ;
; MISC_FILE                          ; C:/Users/Keavil/Documents/GitHub/VHDLmoveOrDie/build/MoveOrDieServer.dpf ; --            ; --          ; --             ;
; PARTITION_COLOR                    ; 16764057                                                                 ; --            ; --          ; Top            ;
; PARTITION_NETLIST_TYPE             ; SOURCE                                                                   ; --            ; --          ; Top            ;
; USE_GENERATED_PHYSICAL_CONSTRAINTS ; Off                                                                      ; --            ; --          ; eda_blast_fpga ;
+------------------------------------+--------------------------------------------------------------------------+---------------+-------------+----------------+


+-----------------------------------------------------------------------------------------------------------------------------+
; Flow Elapsed Time                                                                                                           ;
+-------------------------+--------------+-------------------------+---------------------+------------------------------------+
; Module Name             ; Elapsed Time ; Average Processors Used ; Peak Virtual Memory ; Total CPU Time (on all processors) ;
+-------------------------+--------------+-------------------------+---------------------+------------------------------------+
; Analysis & Synthesis    ; 00:00:03     ; 1.0                     ; 275 MB              ; 00:00:02                           ;
; Fitter                  ; 00:00:10     ; 1.0                     ; 409 MB              ; 00:00:11                           ;
; Assembler               ; 00:00:05     ; 1.0                     ; 363 MB              ; 00:00:05                           ;
; Classic Timing Analyzer ; 00:00:00     ; 1.0                     ; 199 MB              ; 00:00:00                           ;
; Total                   ; 00:00:18     ; --                      ; --                  ; 00:00:18                           ;
+-------------------------+--------------+-------------------------+---------------------+------------------------------------+


+------------------------------------------------------------------------------------------+
; Flow OS Summary                                                                          ;
+-------------------------+------------------+---------------+------------+----------------+
; Module Name             ; Machine Hostname ; OS Name       ; OS Version ; Processor type ;
+-------------------------+------------------+---------------+------------+----------------+
; Analysis & Synthesis    ; Keavil           ; Windows Vista ; 6.2        ; x86_64         ;
; Fitter                  ; Keavil           ; Windows Vista ; 6.2        ; x86_64         ;
; Assembler               ; Keavil           ; Windows Vista ; 6.2        ; x86_64         ;
; Classic Timing Analyzer ; Keavil           ; Windows Vista ; 6.2        ; x86_64         ;
+-------------------------+------------------+---------------+------------+----------------+


------------
; Flow Log ;
------------
quartus_map --read_settings_files=on --write_settings_files=off MoveOrDieServer -c MoveOrDieServer
quartus_fit --read_settings_files=off --write_settings_files=off MoveOrDieServer -c MoveOrDieServer
quartus_asm --read_settings_files=off --write_settings_files=off MoveOrDieServer -c MoveOrDieServer
quartus_tan --read_settings_files=off --write_settings_files=off MoveOrDieServer -c MoveOrDieServer --timing_analysis_only



