Simulator report for MoveOrDie
Mon May 29 21:28:59 2017
Quartus II 64-Bit Version 9.0 Build 132 02/25/2009 SJ Full Version


---------------------
; Table of Contents ;
---------------------
  1. Legal Notice
  2. Simulator Summary
  3. Simulator Settings
  4. Simulation Waveforms
  5. |MoveOrDie|VGA640480:u3|MapGraphic:u0|blockrom:u1|altsyncram:altsyncram_component|altsyncram_in71:auto_generated|ALTSYNCRAM
  6. |MoveOrDie|VGA640480:u3|MapGraphic:u0|playerrom:U_PLAYERROM_P1|altsyncram:altsyncram_component|altsyncram_9i81:auto_generated|ALTSYNCRAM
  7. |MoveOrDie|VGA640480:u3|MapGraphic:u0|playerrom:U_PLAYERROM_P2|altsyncram:altsyncram_component|altsyncram_9i81:auto_generated|ALTSYNCRAM
  8. |MoveOrDie|VGA640480:u3|MapGraphic:u0|playerrom:U_PLAYERROM_P4|altsyncram:altsyncram_component|altsyncram_9i81:auto_generated|ALTSYNCRAM
  9. |MoveOrDie|VGA640480:u3|MapGraphic:u0|playerrom:U_PLAYERROM_P3|altsyncram:altsyncram_component|altsyncram_9i81:auto_generated|ALTSYNCRAM
 10. |MoveOrDie|VGA640480:u3|MapGraphic:u0|maprom:u0|altsyncram:altsyncram_component|altsyncram_4h71:auto_generated|ALTSYNCRAM
 11. |MoveOrDie|ClientLogic:U_LOGIC_2|MapLogic:u0|maplogicrom:\GEN_LEFT_BLOCK:1:U_LEFT_BLOCK_I|altsyncram:altsyncram_component|altsyncram_2t71:auto_generated|ALTSYNCRAM
 12. |MoveOrDie|ClientLogic:U_LOGIC_2|MapLogic:u0|maplogicrom:\GEN_LEFT_BLOCK:0:U_LEFT_BLOCK_I|altsyncram:altsyncram_component|altsyncram_2t71:auto_generated|ALTSYNCRAM
 13. |MoveOrDie|ClientLogic:U_LOGIC_2|MapLogic:u0|maplogicrom:\GEN_LEFT_BLOCK:2:U_LEFT_BLOCK_I|altsyncram:altsyncram_component|altsyncram_2t71:auto_generated|ALTSYNCRAM
 14. |MoveOrDie|ClientLogic:U_LOGIC_2|MapLogic:u0|maplogicrom:\GEN_RIGHT_BLOCK:1:U_RIGHT_BLOCK_I|altsyncram:altsyncram_component|altsyncram_2t71:auto_generated|ALTSYNCRAM
 15. |MoveOrDie|ClientLogic:U_LOGIC_2|MapLogic:u0|maplogicrom:\GEN_RIGHT_BLOCK:0:U_RIGHT_BLOCK_I|altsyncram:altsyncram_component|altsyncram_2t71:auto_generated|ALTSYNCRAM
 16. |MoveOrDie|ClientLogic:U_LOGIC_2|MapLogic:u0|maplogicrom:\GEN_RIGHT_BLOCK:2:U_RIGHT_BLOCK_I|altsyncram:altsyncram_component|altsyncram_2t71:auto_generated|ALTSYNCRAM
 17. |MoveOrDie|ClientLogic:U_LOGIC_2|MapLogic:u0|maplogicrom:\GEN_DOWN_BLOCK:0:U_DOWN_BLOCK_I|altsyncram:altsyncram_component|altsyncram_2t71:auto_generated|ALTSYNCRAM
 18. |MoveOrDie|ClientLogic:U_LOGIC_2|MapLogic:u0|maplogicrom:\GEN_DOWN_BLOCK:2:U_DOWN_BLOCK_I|altsyncram:altsyncram_component|altsyncram_2t71:auto_generated|ALTSYNCRAM
 19. |MoveOrDie|ClientLogic:U_LOGIC_2|MapLogic:u0|maplogicrom:\GEN_DOWN_BLOCK:1:U_DOWN_BLOCK_I|altsyncram:altsyncram_component|altsyncram_2t71:auto_generated|ALTSYNCRAM
 20. |MoveOrDie|ClientLogic:U_LOGIC_2|MapLogic:u0|maplogicrom:\GEN_UP_BLOCK:0:U_UP_BLOCK_I|altsyncram:altsyncram_component|altsyncram_2t71:auto_generated|ALTSYNCRAM
 21. |MoveOrDie|ClientLogic:U_LOGIC_2|MapLogic:u0|maplogicrom:\GEN_UP_BLOCK:2:U_UP_BLOCK_I|altsyncram:altsyncram_component|altsyncram_2t71:auto_generated|ALTSYNCRAM
 22. |MoveOrDie|ClientLogic:U_LOGIC_2|MapLogic:u0|maplogicrom:\GEN_UP_BLOCK:1:U_UP_BLOCK_I|altsyncram:altsyncram_component|altsyncram_2t71:auto_generated|ALTSYNCRAM
 23. |MoveOrDie|ClientLogic:U_LOGIC_2|MapLogic:u0|maplogicrom:U_RU_BLOCK|altsyncram:altsyncram_component|altsyncram_2t71:auto_generated|ALTSYNCRAM
 24. |MoveOrDie|ClientLogic:U_LOGIC_2|MapLogic:u0|maplogicrom:U_LU_BLOCK|altsyncram:altsyncram_component|altsyncram_2t71:auto_generated|ALTSYNCRAM
 25. |MoveOrDie|ClientLogic:U_LOGIC_2|MapLogic:u0|maplogicrom:U_LD_BLOCK|altsyncram:altsyncram_component|altsyncram_2t71:auto_generated|ALTSYNCRAM
 26. |MoveOrDie|ClientLogic:U_LOGIC_2|MapLogic:u0|maplogicrom:U_RD_BLOCK|altsyncram:altsyncram_component|altsyncram_2t71:auto_generated|ALTSYNCRAM
 27. Coverage Summary
 28. Complete 1/0-Value Coverage
 29. Missing 1-Value Coverage
 30. Missing 0-Value Coverage
 31. Simulator INI Usage
 32. Simulator Messages



----------------
; Legal Notice ;
----------------
Copyright (C) 1991-2009 Altera Corporation
Your use of Altera Corporation's design tools, logic functions 
and other software and tools, and its AMPP partner logic 
functions, and any output files from any of the foregoing 
(including device programming or simulation files), and any 
associated documentation or information are expressly subject 
to the terms and conditions of the Altera Program License 
Subscription Agreement, Altera MegaCore Function License 
Agreement, or other applicable license agreement, including, 
without limitation, that your use is for the sole purpose of 
programming logic devices manufactured by Altera and sold by 
Altera or its authorized distributors.  Please refer to the 
applicable agreement for further details.



+-------------------+
; Simulator Summary ;
+------+------------+
; Type ; Value      ;
+------+------------+


+-----------------------------------------------------------------------------------------------------------------------------------------+
; Simulator Settings                                                                                                                      ;
+--------------------------------------------------------------------------------------------+----------------------------+---------------+
; Option                                                                                     ; Setting                    ; Default Value ;
+--------------------------------------------------------------------------------------------+----------------------------+---------------+
; Simulation mode                                                                            ; Timing                     ; Timing        ;
; Start time                                                                                 ; 0 ns                       ; 0 ns          ;
; Simulation results format                                                                  ; CVWF                       ;               ;
; Vector input source                                                                        ; ../src/logic/MoveOrDie.vwf ;               ;
; Add pins automatically to simulation output waveforms                                      ; On                         ; On            ;
; Check outputs                                                                              ; Off                        ; Off           ;
; Report simulation coverage                                                                 ; On                         ; On            ;
; Display complete 1/0 value coverage report                                                 ; On                         ; On            ;
; Display missing 1-value coverage report                                                    ; On                         ; On            ;
; Display missing 0-value coverage report                                                    ; On                         ; On            ;
; Detect setup and hold time violations                                                      ; Off                        ; Off           ;
; Detect glitches                                                                            ; Off                        ; Off           ;
; Disable timing delays in Timing Simulation                                                 ; Off                        ; Off           ;
; Generate Signal Activity File                                                              ; Off                        ; Off           ;
; Generate VCD File for PowerPlay Power Analyzer                                             ; Off                        ; Off           ;
; Group bus channels in simulation results                                                   ; Off                        ; Off           ;
; Preserve fewer signal transitions to reduce memory requirements                            ; On                         ; On            ;
; Trigger vector comparison with the specified mode                                          ; INPUT_EDGE                 ; INPUT_EDGE    ;
; Disable setup and hold time violations detection in input registers of bi-directional pins ; Off                        ; Off           ;
; Overwrite Waveform Inputs With Simulation Outputs                                          ; Off                        ;               ;
; Perform Glitch Filtering in Timing Simulation                                              ; Auto                       ; Auto          ;
+--------------------------------------------------------------------------------------------+----------------------------+---------------+


+----------------------+
; Simulation Waveforms ;
+----------------------+
Waveform report data cannot be output to ASCII.
Please use Quartus II 64-Bit to view the waveform report data.


+-----------------------------------------------------------------------------------------------------------------------------+
; |MoveOrDie|VGA640480:u3|MapGraphic:u0|blockrom:u1|altsyncram:altsyncram_component|altsyncram_in71:auto_generated|ALTSYNCRAM ;
+-----------------------------------------------------------------------------------------------------------------------------+
Memory report data cannot be output to ASCII.
Please use Quartus II 64-Bit to view the memory report data.


+------------------------------------------------------------------------------------------------------------------------------------------+
; |MoveOrDie|VGA640480:u3|MapGraphic:u0|playerrom:U_PLAYERROM_P1|altsyncram:altsyncram_component|altsyncram_9i81:auto_generated|ALTSYNCRAM ;
+------------------------------------------------------------------------------------------------------------------------------------------+
Memory report data cannot be output to ASCII.
Please use Quartus II 64-Bit to view the memory report data.


+------------------------------------------------------------------------------------------------------------------------------------------+
; |MoveOrDie|VGA640480:u3|MapGraphic:u0|playerrom:U_PLAYERROM_P2|altsyncram:altsyncram_component|altsyncram_9i81:auto_generated|ALTSYNCRAM ;
+------------------------------------------------------------------------------------------------------------------------------------------+
Memory report data cannot be output to ASCII.
Please use Quartus II 64-Bit to view the memory report data.


+------------------------------------------------------------------------------------------------------------------------------------------+
; |MoveOrDie|VGA640480:u3|MapGraphic:u0|playerrom:U_PLAYERROM_P4|altsyncram:altsyncram_component|altsyncram_9i81:auto_generated|ALTSYNCRAM ;
+------------------------------------------------------------------------------------------------------------------------------------------+
Memory report data cannot be output to ASCII.
Please use Quartus II 64-Bit to view the memory report data.


+------------------------------------------------------------------------------------------------------------------------------------------+
; |MoveOrDie|VGA640480:u3|MapGraphic:u0|playerrom:U_PLAYERROM_P3|altsyncram:altsyncram_component|altsyncram_9i81:auto_generated|ALTSYNCRAM ;
+------------------------------------------------------------------------------------------------------------------------------------------+
Memory report data cannot be output to ASCII.
Please use Quartus II 64-Bit to view the memory report data.


+---------------------------------------------------------------------------------------------------------------------------+
; |MoveOrDie|VGA640480:u3|MapGraphic:u0|maprom:u0|altsyncram:altsyncram_component|altsyncram_4h71:auto_generated|ALTSYNCRAM ;
+---------------------------------------------------------------------------------------------------------------------------+
Memory report data cannot be output to ASCII.
Please use Quartus II 64-Bit to view the memory report data.


+---------------------------------------------------------------------------------------------------------------------------------------------------------------------+
; |MoveOrDie|ClientLogic:U_LOGIC_2|MapLogic:u0|maplogicrom:\GEN_LEFT_BLOCK:1:U_LEFT_BLOCK_I|altsyncram:altsyncram_component|altsyncram_2t71:auto_generated|ALTSYNCRAM ;
+---------------------------------------------------------------------------------------------------------------------------------------------------------------------+
Memory report data cannot be output to ASCII.
Please use Quartus II 64-Bit to view the memory report data.


+---------------------------------------------------------------------------------------------------------------------------------------------------------------------+
; |MoveOrDie|ClientLogic:U_LOGIC_2|MapLogic:u0|maplogicrom:\GEN_LEFT_BLOCK:0:U_LEFT_BLOCK_I|altsyncram:altsyncram_component|altsyncram_2t71:auto_generated|ALTSYNCRAM ;
+---------------------------------------------------------------------------------------------------------------------------------------------------------------------+
Memory report data cannot be output to ASCII.
Please use Quartus II 64-Bit to view the memory report data.


+---------------------------------------------------------------------------------------------------------------------------------------------------------------------+
; |MoveOrDie|ClientLogic:U_LOGIC_2|MapLogic:u0|maplogicrom:\GEN_LEFT_BLOCK:2:U_LEFT_BLOCK_I|altsyncram:altsyncram_component|altsyncram_2t71:auto_generated|ALTSYNCRAM ;
+---------------------------------------------------------------------------------------------------------------------------------------------------------------------+
Memory report data cannot be output to ASCII.
Please use Quartus II 64-Bit to view the memory report data.


+-----------------------------------------------------------------------------------------------------------------------------------------------------------------------+
; |MoveOrDie|ClientLogic:U_LOGIC_2|MapLogic:u0|maplogicrom:\GEN_RIGHT_BLOCK:1:U_RIGHT_BLOCK_I|altsyncram:altsyncram_component|altsyncram_2t71:auto_generated|ALTSYNCRAM ;
+-----------------------------------------------------------------------------------------------------------------------------------------------------------------------+
Memory report data cannot be output to ASCII.
Please use Quartus II 64-Bit to view the memory report data.


+-----------------------------------------------------------------------------------------------------------------------------------------------------------------------+
; |MoveOrDie|ClientLogic:U_LOGIC_2|MapLogic:u0|maplogicrom:\GEN_RIGHT_BLOCK:0:U_RIGHT_BLOCK_I|altsyncram:altsyncram_component|altsyncram_2t71:auto_generated|ALTSYNCRAM ;
+-----------------------------------------------------------------------------------------------------------------------------------------------------------------------+
Memory report data cannot be output to ASCII.
Please use Quartus II 64-Bit to view the memory report data.


+-----------------------------------------------------------------------------------------------------------------------------------------------------------------------+
; |MoveOrDie|ClientLogic:U_LOGIC_2|MapLogic:u0|maplogicrom:\GEN_RIGHT_BLOCK:2:U_RIGHT_BLOCK_I|altsyncram:altsyncram_component|altsyncram_2t71:auto_generated|ALTSYNCRAM ;
+-----------------------------------------------------------------------------------------------------------------------------------------------------------------------+
Memory report data cannot be output to ASCII.
Please use Quartus II 64-Bit to view the memory report data.


+---------------------------------------------------------------------------------------------------------------------------------------------------------------------+
; |MoveOrDie|ClientLogic:U_LOGIC_2|MapLogic:u0|maplogicrom:\GEN_DOWN_BLOCK:0:U_DOWN_BLOCK_I|altsyncram:altsyncram_component|altsyncram_2t71:auto_generated|ALTSYNCRAM ;
+---------------------------------------------------------------------------------------------------------------------------------------------------------------------+
Memory report data cannot be output to ASCII.
Please use Quartus II 64-Bit to view the memory report data.


+---------------------------------------------------------------------------------------------------------------------------------------------------------------------+
; |MoveOrDie|ClientLogic:U_LOGIC_2|MapLogic:u0|maplogicrom:\GEN_DOWN_BLOCK:2:U_DOWN_BLOCK_I|altsyncram:altsyncram_component|altsyncram_2t71:auto_generated|ALTSYNCRAM ;
+---------------------------------------------------------------------------------------------------------------------------------------------------------------------+
Memory report data cannot be output to ASCII.
Please use Quartus II 64-Bit to view the memory report data.


+---------------------------------------------------------------------------------------------------------------------------------------------------------------------+
; |MoveOrDie|ClientLogic:U_LOGIC_2|MapLogic:u0|maplogicrom:\GEN_DOWN_BLOCK:1:U_DOWN_BLOCK_I|altsyncram:altsyncram_component|altsyncram_2t71:auto_generated|ALTSYNCRAM ;
+---------------------------------------------------------------------------------------------------------------------------------------------------------------------+
Memory report data cannot be output to ASCII.
Please use Quartus II 64-Bit to view the memory report data.


+-----------------------------------------------------------------------------------------------------------------------------------------------------------------+
; |MoveOrDie|ClientLogic:U_LOGIC_2|MapLogic:u0|maplogicrom:\GEN_UP_BLOCK:0:U_UP_BLOCK_I|altsyncram:altsyncram_component|altsyncram_2t71:auto_generated|ALTSYNCRAM ;
+-----------------------------------------------------------------------------------------------------------------------------------------------------------------+
Memory report data cannot be output to ASCII.
Please use Quartus II 64-Bit to view the memory report data.


+-----------------------------------------------------------------------------------------------------------------------------------------------------------------+
; |MoveOrDie|ClientLogic:U_LOGIC_2|MapLogic:u0|maplogicrom:\GEN_UP_BLOCK:2:U_UP_BLOCK_I|altsyncram:altsyncram_component|altsyncram_2t71:auto_generated|ALTSYNCRAM ;
+-----------------------------------------------------------------------------------------------------------------------------------------------------------------+
Memory report data cannot be output to ASCII.
Please use Quartus II 64-Bit to view the memory report data.


+-----------------------------------------------------------------------------------------------------------------------------------------------------------------+
; |MoveOrDie|ClientLogic:U_LOGIC_2|MapLogic:u0|maplogicrom:\GEN_UP_BLOCK:1:U_UP_BLOCK_I|altsyncram:altsyncram_component|altsyncram_2t71:auto_generated|ALTSYNCRAM ;
+-----------------------------------------------------------------------------------------------------------------------------------------------------------------+
Memory report data cannot be output to ASCII.
Please use Quartus II 64-Bit to view the memory report data.


+-----------------------------------------------------------------------------------------------------------------------------------------------+
; |MoveOrDie|ClientLogic:U_LOGIC_2|MapLogic:u0|maplogicrom:U_RU_BLOCK|altsyncram:altsyncram_component|altsyncram_2t71:auto_generated|ALTSYNCRAM ;
+-----------------------------------------------------------------------------------------------------------------------------------------------+
Memory report data cannot be output to ASCII.
Please use Quartus II 64-Bit to view the memory report data.


+-----------------------------------------------------------------------------------------------------------------------------------------------+
; |MoveOrDie|ClientLogic:U_LOGIC_2|MapLogic:u0|maplogicrom:U_LU_BLOCK|altsyncram:altsyncram_component|altsyncram_2t71:auto_generated|ALTSYNCRAM ;
+-----------------------------------------------------------------------------------------------------------------------------------------------+
Memory report data cannot be output to ASCII.
Please use Quartus II 64-Bit to view the memory report data.


+-----------------------------------------------------------------------------------------------------------------------------------------------+
; |MoveOrDie|ClientLogic:U_LOGIC_2|MapLogic:u0|maplogicrom:U_LD_BLOCK|altsyncram:altsyncram_component|altsyncram_2t71:auto_generated|ALTSYNCRAM ;
+-----------------------------------------------------------------------------------------------------------------------------------------------+
Memory report data cannot be output to ASCII.
Please use Quartus II 64-Bit to view the memory report data.


+-----------------------------------------------------------------------------------------------------------------------------------------------+
; |MoveOrDie|ClientLogic:U_LOGIC_2|MapLogic:u0|maplogicrom:U_RD_BLOCK|altsyncram:altsyncram_component|altsyncram_2t71:auto_generated|ALTSYNCRAM ;
+-----------------------------------------------------------------------------------------------------------------------------------------------+
Memory report data cannot be output to ASCII.
Please use Quartus II 64-Bit to view the memory report data.


+------------------+
; Coverage Summary ;
+------+-----------+
; Type ; Value     ;
+------+-----------+


The following table displays output ports that toggle between 1 and 0 during simulation.
+-------------------------------------------------+
; Complete 1/0-Value Coverage                     ;
+-----------+------------------+------------------+
; Node Name ; Output Port Name ; Output Port Type ;
+-----------+------------------+------------------+


The following table displays output ports that do not toggle to 1 during simulation.
+-------------------------------------------------+
; Missing 1-Value Coverage                        ;
+-----------+------------------+------------------+
; Node Name ; Output Port Name ; Output Port Type ;
+-----------+------------------+------------------+


The following table displays output ports that do not toggle to 0 during simulation.
+-------------------------------------------------+
; Missing 0-Value Coverage                        ;
+-----------+------------------+------------------+
; Node Name ; Output Port Name ; Output Port Type ;
+-----------+------------------+------------------+


+---------------------+
; Simulator INI Usage ;
+--------+------------+
; Option ; Usage      ;
+--------+------------+


+--------------------+
; Simulator Messages ;
+--------------------+
Info: *******************************************************************
Info: Running Quartus II 64-Bit Simulator
    Info: Version 9.0 Build 132 02/25/2009 SJ Full Version
    Info: Processing started: Mon May 29 21:28:59 2017
Info: Command: quartus_sim --read_settings_files=on --write_settings_files=off MoveOrDie -c MoveOrDie
Info: Can't find specified vector source file "../src/logic/MoveOrDie.vwf"
Error: No valid vector source file specified and default file "C:/Users/Hob Den/Documents/VHDLFiles/moveordie/build/MoveOrDie.cvwf" does not exist
Error: Quartus II 64-Bit Simulator was unsuccessful. 1 error, 0 warnings
    Error: Peak virtual memory: 247 megabytes
    Error: Processing ended: Mon May 29 21:28:59 2017
    Error: Elapsed time: 00:00:00
    Error: Total CPU time (on all processors): 00:00:00


