Analysis & Synthesis report for MoveOrDieServer
Mon May 29 15:38:09 2017
Quartus II Version 9.0 Build 132 02/25/2009 SJ Full Version


---------------------
; Table of Contents ;
---------------------
  1. Legal Notice
  2. Analysis & Synthesis Summary
  3. Analysis & Synthesis Settings
  4. Analysis & Synthesis Source Files Read
  5. Analysis & Synthesis Resource Usage Summary
  6. Analysis & Synthesis Resource Utilization by Entity
  7. Analysis & Synthesis RAM Summary
  8. User-Specified and Inferred Latches
  9. General Register Statistics
 10. Multiplexer Restructuring Statistics (Restructuring Performed)
 11. Source assignments for VGA640480:visual|MapGraphic:u0|maprom:u0|altsyncram:altsyncram_component|altsyncram_4h71:auto_generated
 12. Source assignments for VGA640480:visual|MapGraphic:u0|blockrom:u1|altsyncram:altsyncram_component|altsyncram_in71:auto_generated
 13. Source assignments for VGA640480:visual|MapGraphic:u0|playerrom:u2|altsyncram:altsyncram_component|altsyncram_8k71:auto_generated
 14. Parameter Settings for User Entity Instance: ClkDivider:u00
 15. Parameter Settings for User Entity Instance: ClkDivider:u000
 16. Parameter Settings for User Entity Instance: connector:net
 17. Parameter Settings for User Entity Instance: connector:net|receiver:u0
 18. Parameter Settings for User Entity Instance: connector:net|sender:u1
 19. Parameter Settings for User Entity Instance: VGA640480:visual|MapGraphic:u0|maprom:u0|altsyncram:altsyncram_component
 20. Parameter Settings for User Entity Instance: VGA640480:visual|MapGraphic:u0|blockrom:u1|altsyncram:altsyncram_component
 21. Parameter Settings for User Entity Instance: VGA640480:visual|MapGraphic:u0|playerrom:u2|altsyncram:altsyncram_component
 22. altsyncram Parameter Settings by Entity Instance
 23. Port Connectivity Checks: "VGA640480:visual|MapGraphic:u0|playerrom:u2"
 24. Port Connectivity Checks: "connector:net"
 25. Port Connectivity Checks: "ClkDivider:u000"
 26. Analysis & Synthesis Messages



----------------
; Legal Notice ;
----------------
Copyright (C) 1991-2009 Altera Corporation
Your use of Altera Corporation's design tools, logic functions 
and other software and tools, and its AMPP partner logic 
functions, and any output files from any of the foregoing 
(including device programming or simulation files), and any 
associated documentation or information are expressly subject 
to the terms and conditions of the Altera Program License 
Subscription Agreement, Altera MegaCore Function License 
Agreement, or other applicable license agreement, including, 
without limitation, that your use is for the sole purpose of 
programming logic devices manufactured by Altera and sold by 
Altera or its authorized distributors.  Please refer to the 
applicable agreement for further details.



+-------------------------------------------------------------------------------+
; Analysis & Synthesis Summary                                                  ;
+------------------------------------+------------------------------------------+
; Analysis & Synthesis Status        ; Successful - Mon May 29 15:38:09 2017    ;
; Quartus II Version                 ; 9.0 Build 132 02/25/2009 SJ Full Version ;
; Revision Name                      ; MoveOrDieServer                          ;
; Top-level Entity Name              ; MoveOrDieServer                          ;
; Family                             ; Cyclone II                               ;
; Total logic elements               ; 246                                      ;
;     Total combinational functions  ; 243                                      ;
;     Dedicated logic registers      ; 86                                       ;
; Total registers                    ; 86                                       ;
; Total pins                         ; 23                                       ;
; Total virtual pins                 ; 0                                        ;
; Total memory bits                  ; 86,400                                   ;
; Embedded Multiplier 9-bit elements ; 0                                        ;
; Total PLLs                         ; 0                                        ;
+------------------------------------+------------------------------------------+


+----------------------------------------------------------------------------------------------------------+
; Analysis & Synthesis Settings                                                                            ;
+----------------------------------------------------------------+--------------------+--------------------+
; Option                                                         ; Setting            ; Default Value      ;
+----------------------------------------------------------------+--------------------+--------------------+
; Device                                                         ; EP2C70F672C8       ;                    ;
; Top-level entity name                                          ; MoveOrDieServer    ; MoveOrDieServer    ;
; Family name                                                    ; Cyclone II         ; Stratix II         ;
; Use Generated Physical Constraints File                        ; Off                ;                    ;
; Use smart compilation                                          ; Off                ; Off                ;
; Restructure Multiplexers                                       ; Auto               ; Auto               ;
; Create Debugging Nodes for IP Cores                            ; Off                ; Off                ;
; Preserve fewer node names                                      ; On                 ; On                 ;
; Disable OpenCore Plus hardware evaluation                      ; Off                ; Off                ;
; Verilog Version                                                ; Verilog_2001       ; Verilog_2001       ;
; VHDL Version                                                   ; VHDL93             ; VHDL93             ;
; State Machine Processing                                       ; Auto               ; Auto               ;
; Safe State Machine                                             ; Off                ; Off                ;
; Extract Verilog State Machines                                 ; On                 ; On                 ;
; Extract VHDL State Machines                                    ; On                 ; On                 ;
; Ignore Verilog initial constructs                              ; Off                ; Off                ;
; Iteration limit for constant Verilog loops                     ; 5000               ; 5000               ;
; Iteration limit for non-constant Verilog loops                 ; 250                ; 250                ;
; Add Pass-Through Logic to Inferred RAMs                        ; On                 ; On                 ;
; Parallel Synthesis                                             ; Off                ; Off                ;
; DSP Block Balancing                                            ; Auto               ; Auto               ;
; NOT Gate Push-Back                                             ; On                 ; On                 ;
; Power-Up Don't Care                                            ; On                 ; On                 ;
; Remove Redundant Logic Cells                                   ; Off                ; Off                ;
; Remove Duplicate Registers                                     ; On                 ; On                 ;
; Ignore CARRY Buffers                                           ; Off                ; Off                ;
; Ignore CASCADE Buffers                                         ; Off                ; Off                ;
; Ignore GLOBAL Buffers                                          ; Off                ; Off                ;
; Ignore ROW GLOBAL Buffers                                      ; Off                ; Off                ;
; Ignore LCELL Buffers                                           ; Off                ; Off                ;
; Ignore SOFT Buffers                                            ; On                 ; On                 ;
; Limit AHDL Integers to 32 Bits                                 ; Off                ; Off                ;
; Optimization Technique                                         ; Balanced           ; Balanced           ;
; Carry Chain Length                                             ; 70                 ; 70                 ;
; Auto Carry Chains                                              ; On                 ; On                 ;
; Auto Open-Drain Pins                                           ; On                 ; On                 ;
; Perform WYSIWYG Primitive Resynthesis                          ; Off                ; Off                ;
; Auto ROM Replacement                                           ; On                 ; On                 ;
; Auto RAM Replacement                                           ; On                 ; On                 ;
; Auto Shift Register Replacement                                ; Auto               ; Auto               ;
; Auto Clock Enable Replacement                                  ; On                 ; On                 ;
; Strict RAM Replacement                                         ; Off                ; Off                ;
; Allow Synchronous Control Signals                              ; On                 ; On                 ;
; Force Use of Synchronous Clear Signals                         ; Off                ; Off                ;
; Auto RAM to Logic Cell Conversion                              ; Off                ; Off                ;
; Auto Resource Sharing                                          ; Off                ; Off                ;
; Allow Any RAM Size For Recognition                             ; Off                ; Off                ;
; Allow Any ROM Size For Recognition                             ; Off                ; Off                ;
; Allow Any Shift Register Size For Recognition                  ; Off                ; Off                ;
; Use LogicLock Constraints during Resource Balancing            ; On                 ; On                 ;
; Ignore translate_off and synthesis_off directives              ; Off                ; Off                ;
; Timing-Driven Synthesis                                        ; Off                ; Off                ;
; Show Parameter Settings Tables in Synthesis Report             ; On                 ; On                 ;
; Ignore Maximum Fan-Out Assignments                             ; Off                ; Off                ;
; Synchronization Register Chain Length                          ; 2                  ; 2                  ;
; PowerPlay Power Optimization                                   ; Normal compilation ; Normal compilation ;
; HDL message level                                              ; Level2             ; Level2             ;
; Suppress Register Optimization Related Messages                ; Off                ; Off                ;
; Number of Removed Registers Reported in Synthesis Report       ; 100                ; 100                ;
; Number of Inverted Registers Reported in Synthesis Report      ; 100                ; 100                ;
; Clock MUX Protection                                           ; On                 ; On                 ;
; Auto Gated Clock Conversion                                    ; Off                ; Off                ;
; Block Design Naming                                            ; Auto               ; Auto               ;
; SDC constraint protection                                      ; Off                ; Off                ;
; Synthesis Effort                                               ; Auto               ; Auto               ;
; Allows Asynchronous Clear Usage For Shift Register Replacement ; On                 ; On                 ;
; Analysis & Synthesis Message Level                             ; Medium             ; Medium             ;
+----------------------------------------------------------------+--------------------+--------------------+


+---------------------------------------------------------------------------------------------------------------------------------------------------------------------------+
; Analysis & Synthesis Source Files Read                                                                                                                                    ;
+----------------------------------+-----------------+----------------------------------------+-----------------------------------------------------------------------------+
; File Name with User-Entered Path ; Used in Netlist ; File Type                              ; File Name with Absolute Path                                                ;
+----------------------------------+-----------------+----------------------------------------+-----------------------------------------------------------------------------+
; ../src/rom/blockrom.vhd          ; yes             ; User Wizard-Generated File             ; C:/Users/Keavil/Documents/GitHub/VHDLmoveOrDie/src/rom/blockrom.vhd         ;
; ../src/rom/maprom.vhd            ; yes             ; User Wizard-Generated File             ; C:/Users/Keavil/Documents/GitHub/VHDLmoveOrDie/src/rom/maprom.vhd           ;
; ../src/rom/playerrom.vhd         ; yes             ; User Wizard-Generated File             ; C:/Users/Keavil/Documents/GitHub/VHDLmoveOrDie/src/rom/playerrom.vhd        ;
; ../src/utils/clkdivider.vhd      ; yes             ; User VHDL File                         ; C:/Users/Keavil/Documents/GitHub/VHDLmoveOrDie/src/utils/clkdivider.vhd     ;
; ../src/map/mapgraphic.vhd        ; yes             ; User VHDL File                         ; C:/Users/Keavil/Documents/GitHub/VHDLmoveOrDie/src/map/mapgraphic.vhd       ;
; ../src/vga/vga640480.vhd         ; yes             ; User VHDL File                         ; C:/Users/Keavil/Documents/GitHub/VHDLmoveOrDie/src/vga/vga640480.vhd        ;
; ../src/network/connector.vhd     ; yes             ; User VHDL File                         ; C:/Users/Keavil/Documents/GitHub/VHDLmoveOrDie/src/network/connector.vhd    ;
; ../src/network/receiver.vhd      ; yes             ; User VHDL File                         ; C:/Users/Keavil/Documents/GitHub/VHDLmoveOrDie/src/network/receiver.vhd     ;
; ../src/network/sender.vhd        ; yes             ; User VHDL File                         ; C:/Users/Keavil/Documents/GitHub/VHDLmoveOrDie/src/network/sender.vhd       ;
; ../src/top/moveordieserver.vhd   ; yes             ; User VHDL File                         ; C:/Users/Keavil/Documents/GitHub/VHDLmoveOrDie/src/top/moveordieserver.vhd  ;
; altsyncram.tdf                   ; yes             ; Megafunction                           ; d:/quartus/quartus/libraries/megafunctions/altsyncram.tdf                   ;
; stratix_ram_block.inc            ; yes             ; Megafunction                           ; d:/quartus/quartus/libraries/megafunctions/stratix_ram_block.inc            ;
; lpm_mux.inc                      ; yes             ; Megafunction                           ; d:/quartus/quartus/libraries/megafunctions/lpm_mux.inc                      ;
; lpm_decode.inc                   ; yes             ; Megafunction                           ; d:/quartus/quartus/libraries/megafunctions/lpm_decode.inc                   ;
; aglobal90.inc                    ; yes             ; Megafunction                           ; d:/quartus/quartus/libraries/megafunctions/aglobal90.inc                    ;
; a_rdenreg.inc                    ; yes             ; Megafunction                           ; d:/quartus/quartus/libraries/megafunctions/a_rdenreg.inc                    ;
; altrom.inc                       ; yes             ; Megafunction                           ; d:/quartus/quartus/libraries/megafunctions/altrom.inc                       ;
; altram.inc                       ; yes             ; Megafunction                           ; d:/quartus/quartus/libraries/megafunctions/altram.inc                       ;
; altdpram.inc                     ; yes             ; Megafunction                           ; d:/quartus/quartus/libraries/megafunctions/altdpram.inc                     ;
; altqpram.inc                     ; yes             ; Megafunction                           ; d:/quartus/quartus/libraries/megafunctions/altqpram.inc                     ;
; db/altsyncram_4h71.tdf           ; yes             ; Auto-Generated Megafunction            ; C:/Users/Keavil/Documents/GitHub/VHDLmoveOrDie/build/db/altsyncram_4h71.tdf ;
; ../../res/map.mif                ; yes             ; Auto-Found Memory Initialization File  ; C:/Users/Keavil/Documents/GitHub/VHDLmoveOrDie/res/map.mif                  ;
; db/decode_1oa.tdf                ; yes             ; Auto-Generated Megafunction            ; C:/Users/Keavil/Documents/GitHub/VHDLmoveOrDie/build/db/decode_1oa.tdf      ;
; db/mux_fib.tdf                   ; yes             ; Auto-Generated Megafunction            ; C:/Users/Keavil/Documents/GitHub/VHDLmoveOrDie/build/db/mux_fib.tdf         ;
; db/altsyncram_in71.tdf           ; yes             ; Auto-Generated Megafunction            ; C:/Users/Keavil/Documents/GitHub/VHDLmoveOrDie/build/db/altsyncram_in71.tdf ;
; ../../res/block.mif              ; yes             ; Auto-Found Memory Initialization File  ; C:/Users/Keavil/Documents/GitHub/VHDLmoveOrDie/res/block.mif                ;
; db/altsyncram_8k71.tdf           ; yes             ; Auto-Generated Megafunction            ; C:/Users/Keavil/Documents/GitHub/VHDLmoveOrDie/build/db/altsyncram_8k71.tdf ;
; ../res/player.mif                ; yes             ; Auto-Found Memory Initialization File  ; C:/Users/Keavil/Documents/GitHub/VHDLmoveOrDie/res/player.mif               ;
+----------------------------------+-----------------+----------------------------------------+-----------------------------------------------------------------------------+


+-----------------------------------------------------------------------+
; Analysis & Synthesis Resource Usage Summary                           ;
+---------------------------------------------+-------------------------+
; Resource                                    ; Usage                   ;
+---------------------------------------------+-------------------------+
; Estimated Total logic elements              ; 246                     ;
;                                             ;                         ;
; Total combinational functions               ; 243                     ;
; Logic element usage by number of LUT inputs ;                         ;
;     -- 4 input functions                    ; 64                      ;
;     -- 3 input functions                    ; 92                      ;
;     -- <=2 input functions                  ; 87                      ;
;                                             ;                         ;
; Logic elements by mode                      ;                         ;
;     -- normal mode                          ; 155                     ;
;     -- arithmetic mode                      ; 88                      ;
;                                             ;                         ;
; Total registers                             ; 86                      ;
;     -- Dedicated logic registers            ; 86                      ;
;     -- I/O registers                        ; 0                       ;
;                                             ;                         ;
; I/O pins                                    ; 23                      ;
; Total memory bits                           ; 86400                   ;
; Maximum fan-out node                        ; ClkDivider:u00|l_clkout ;
; Maximum fan-out                             ; 52                      ;
; Total fan-out                               ; 1290                    ;
; Average fan-out                             ; 3.40                    ;
+---------------------------------------------+-------------------------+


+--------------------------------------------------------------------------------------------------------------------------------------------------------------------------------------------------------------------------------------------------------------------------------------------------------------------+
; Analysis & Synthesis Resource Utilization by Entity                                                                                                                                                                                                                                                                ;
+-------------------------------------------------+-------------------+--------------+-------------+--------------+---------+-----------+------+--------------+---------------------------------------------------------------------------------------------------------------------------------------+--------------+
; Compilation Hierarchy Node                      ; LC Combinationals ; LC Registers ; Memory Bits ; DSP Elements ; DSP 9x9 ; DSP 18x18 ; Pins ; Virtual Pins ; Full Hierarchy Name                                                                                                                   ; Library Name ;
+-------------------------------------------------+-------------------+--------------+-------------+--------------+---------+-----------+------+--------------+---------------------------------------------------------------------------------------------------------------------------------------+--------------+
; |MoveOrDieServer                                ; 243 (0)           ; 86 (0)       ; 86400       ; 0            ; 0       ; 0         ; 23   ; 0            ; |MoveOrDieServer                                                                                                                      ; work         ;
;    |ClkDivider:u00|                             ; 7 (7)             ; 7 (7)        ; 0           ; 0            ; 0       ; 0         ; 0    ; 0            ; |MoveOrDieServer|ClkDivider:u00                                                                                                       ; work         ;
;    |VGA640480:visual|                           ; 104 (51)          ; 28 (26)      ; 86400       ; 0            ; 0       ; 0         ; 0    ; 0            ; |MoveOrDieServer|VGA640480:visual                                                                                                     ; work         ;
;       |MapGraphic:u0|                           ; 53 (47)           ; 2 (0)        ; 86400       ; 0            ; 0       ; 0         ; 0    ; 0            ; |MoveOrDieServer|VGA640480:visual|MapGraphic:u0                                                                                       ; work         ;
;          |blockrom:u1|                          ; 0 (0)             ; 0 (0)        ; 36864       ; 0            ; 0       ; 0         ; 0    ; 0            ; |MoveOrDieServer|VGA640480:visual|MapGraphic:u0|blockrom:u1                                                                           ; work         ;
;             |altsyncram:altsyncram_component|   ; 0 (0)             ; 0 (0)        ; 36864       ; 0            ; 0       ; 0         ; 0    ; 0            ; |MoveOrDieServer|VGA640480:visual|MapGraphic:u0|blockrom:u1|altsyncram:altsyncram_component                                           ; work         ;
;                |altsyncram_in71:auto_generated| ; 0 (0)             ; 0 (0)        ; 36864       ; 0            ; 0       ; 0         ; 0    ; 0            ; |MoveOrDieServer|VGA640480:visual|MapGraphic:u0|blockrom:u1|altsyncram:altsyncram_component|altsyncram_in71:auto_generated            ; work         ;
;          |maprom:u0|                            ; 6 (0)             ; 2 (0)        ; 49152       ; 0            ; 0       ; 0         ; 0    ; 0            ; |MoveOrDieServer|VGA640480:visual|MapGraphic:u0|maprom:u0                                                                             ; work         ;
;             |altsyncram:altsyncram_component|   ; 6 (0)             ; 2 (0)        ; 49152       ; 0            ; 0       ; 0         ; 0    ; 0            ; |MoveOrDieServer|VGA640480:visual|MapGraphic:u0|maprom:u0|altsyncram:altsyncram_component                                             ; work         ;
;                |altsyncram_4h71:auto_generated| ; 6 (0)             ; 2 (2)        ; 49152       ; 0            ; 0       ; 0         ; 0    ; 0            ; |MoveOrDieServer|VGA640480:visual|MapGraphic:u0|maprom:u0|altsyncram:altsyncram_component|altsyncram_4h71:auto_generated              ; work         ;
;                   |mux_fib:mux2|                ; 6 (6)             ; 0 (0)        ; 0           ; 0            ; 0       ; 0         ; 0    ; 0            ; |MoveOrDieServer|VGA640480:visual|MapGraphic:u0|maprom:u0|altsyncram:altsyncram_component|altsyncram_4h71:auto_generated|mux_fib:mux2 ; work         ;
;          |playerrom:u2|                         ; 0 (0)             ; 0 (0)        ; 384         ; 0            ; 0       ; 0         ; 0    ; 0            ; |MoveOrDieServer|VGA640480:visual|MapGraphic:u0|playerrom:u2                                                                          ; work         ;
;             |altsyncram:altsyncram_component|   ; 0 (0)             ; 0 (0)        ; 384         ; 0            ; 0       ; 0         ; 0    ; 0            ; |MoveOrDieServer|VGA640480:visual|MapGraphic:u0|playerrom:u2|altsyncram:altsyncram_component                                          ; work         ;
;                |altsyncram_8k71:auto_generated| ; 0 (0)             ; 0 (0)        ; 384         ; 0            ; 0       ; 0         ; 0    ; 0            ; |MoveOrDieServer|VGA640480:visual|MapGraphic:u0|playerrom:u2|altsyncram:altsyncram_component|altsyncram_8k71:auto_generated           ; work         ;
;    |connector:net|                              ; 132 (0)           ; 51 (0)       ; 0           ; 0            ; 0       ; 0         ; 0    ; 0            ; |MoveOrDieServer|connector:net                                                                                                        ; work         ;
;       |receiver:u0|                             ; 132 (132)         ; 51 (51)      ; 0           ; 0            ; 0       ; 0         ; 0    ; 0            ; |MoveOrDieServer|connector:net|receiver:u0                                                                                            ; work         ;
+-------------------------------------------------+-------------------+--------------+-------------+--------------+---------+-----------+------+--------------+---------------------------------------------------------------------------------------------------------------------------------------+--------------+
Note: For table entries with two numbers listed, the numbers in parentheses indicate the number of resources of the given type used by the specific entity alone. The numbers listed outside of parentheses indicate the total resources of the given type used by the specific entity and all of its sub-entities in the hierarchy.


+-------------------------------------------------------------------------------------------------------------------------------------------------------------------------------------------------------------------------------+
; Analysis & Synthesis RAM Summary                                                                                                                                                                                              ;
+-----------------------------------------------------------------------------------------------------------------------+------+------+--------------+--------------+--------------+--------------+-------+---------------------+
; Name                                                                                                                  ; Type ; Mode ; Port A Depth ; Port A Width ; Port B Depth ; Port B Width ; Size  ; MIF                 ;
+-----------------------------------------------------------------------------------------------------------------------+------+------+--------------+--------------+--------------+--------------+-------+---------------------+
; VGA640480:visual|MapGraphic:u0|blockrom:u1|altsyncram:altsyncram_component|altsyncram_in71:auto_generated|ALTSYNCRAM  ; AUTO ; ROM  ; 4096         ; 9            ; --           ; --           ; 36864 ; ../../res/block.mif ;
; VGA640480:visual|MapGraphic:u0|maprom:u0|altsyncram:altsyncram_component|altsyncram_4h71:auto_generated|ALTSYNCRAM    ; AUTO ; ROM  ; 8192         ; 6            ; --           ; --           ; 49152 ; ../../res/map.mif   ;
; VGA640480:visual|MapGraphic:u0|playerrom:u2|altsyncram:altsyncram_component|altsyncram_8k71:auto_generated|ALTSYNCRAM ; AUTO ; ROM  ; 256          ; 9            ; --           ; --           ; 2304  ; ../res/player.mif   ;
+-----------------------------------------------------------------------------------------------------------------------+------+------+--------------+--------------+--------------+--------------+-------+---------------------+


+----------------------------------------------------------------------------------------------------------------+
; User-Specified and Inferred Latches                                                                            ;
+-----------------------------------------------------+---------------------------------+------------------------+
; Latch Name                                          ; Latch Enable Signal             ; Free of Timing Hazards ;
+-----------------------------------------------------+---------------------------------+------------------------+
; connector:net|receiver:u0|data[6]                   ; connector:net|receiver:u0|Etemp ; yes                    ;
; connector:net|receiver:u0|data[9]                   ; connector:net|receiver:u0|Etemp ; yes                    ;
; connector:net|receiver:u0|data[10]                  ; connector:net|receiver:u0|Etemp ; yes                    ;
; connector:net|receiver:u0|data[11]                  ; connector:net|receiver:u0|Etemp ; yes                    ;
; connector:net|receiver:u0|data[12]                  ; connector:net|receiver:u0|Etemp ; yes                    ;
; connector:net|receiver:u0|data[13]                  ; connector:net|receiver:u0|Etemp ; yes                    ;
; connector:net|receiver:u0|data[14]                  ; connector:net|receiver:u0|Etemp ; yes                    ;
; connector:net|receiver:u0|data[15]                  ; connector:net|receiver:u0|Etemp ; yes                    ;
; connector:net|receiver:u0|data[16]                  ; connector:net|receiver:u0|Etemp ; yes                    ;
; connector:net|receiver:u0|data[17]                  ; connector:net|receiver:u0|Etemp ; yes                    ;
; connector:net|receiver:u0|data[18]                  ; connector:net|receiver:u0|Etemp ; yes                    ;
; connector:net|receiver:u0|data[19]                  ; connector:net|receiver:u0|Etemp ; yes                    ;
; connector:net|receiver:u0|data[20]                  ; connector:net|receiver:u0|Etemp ; yes                    ;
; connector:net|receiver:u0|data[21]                  ; connector:net|receiver:u0|Etemp ; yes                    ;
; connector:net|receiver:u0|data[22]                  ; connector:net|receiver:u0|Etemp ; yes                    ;
; connector:net|receiver:u0|data[7]                   ; connector:net|receiver:u0|Etemp ; yes                    ;
; connector:net|receiver:u0|data[8]                   ; connector:net|receiver:u0|Etemp ; yes                    ;
; Number of user-specified and inferred latches = 17  ;                                 ;                        ;
+-----------------------------------------------------+---------------------------------+------------------------+
Note: All latches listed above may not be present at the end of synthesis due to various synthesis optimizations.


+------------------------------------------------------+
; General Register Statistics                          ;
+----------------------------------------------+-------+
; Statistic                                    ; Value ;
+----------------------------------------------+-------+
; Total registers                              ; 86    ;
; Number of registers using Synchronous Clear  ; 6     ;
; Number of registers using Synchronous Load   ; 30    ;
; Number of registers using Asynchronous Clear ; 0     ;
; Number of registers using Asynchronous Load  ; 0     ;
; Number of registers using Clock Enable       ; 10    ;
; Number of registers using Preset             ; 0     ;
+----------------------------------------------+-------+


+-----------------------------------------------------------------------------------------------------------------------------------------------------------------+
; Multiplexer Restructuring Statistics (Restructuring Performed)                                                                                                  ;
+--------------------+-----------+---------------+----------------------+------------------------+------------+---------------------------------------------------+
; Multiplexer Inputs ; Bus Width ; Baseline Area ; Area if Restructured ; Saving if Restructured ; Registered ; Example Multiplexer Output                        ;
+--------------------+-----------+---------------+----------------------+------------------------+------------+---------------------------------------------------+
; 6:1                ; 32 bits   ; 128 LEs       ; 64 LEs               ; 64 LEs                 ; Yes        ; |MoveOrDieServer|connector:net|receiver:u0|cnt[7] ;
; 3:1                ; 9 bits    ; 18 LEs        ; 18 LEs               ; 0 LEs                  ; No         ; |MoveOrDieServer|VGA640480:visual|r[1]            ;
+--------------------+-----------+---------------+----------------------+------------------------+------------+---------------------------------------------------+


+--------------------------------------------------------------------------------------------------------------------------------+
; Source assignments for VGA640480:visual|MapGraphic:u0|maprom:u0|altsyncram:altsyncram_component|altsyncram_4h71:auto_generated ;
+---------------------------------+--------------------+------+------------------------------------------------------------------+
; Assignment                      ; Value              ; From ; To                                                               ;
+---------------------------------+--------------------+------+------------------------------------------------------------------+
; OPTIMIZE_POWER_DURING_SYNTHESIS ; NORMAL_COMPILATION ; -    ; -                                                                ;
+---------------------------------+--------------------+------+------------------------------------------------------------------+


+----------------------------------------------------------------------------------------------------------------------------------+
; Source assignments for VGA640480:visual|MapGraphic:u0|blockrom:u1|altsyncram:altsyncram_component|altsyncram_in71:auto_generated ;
+---------------------------------+--------------------+------+--------------------------------------------------------------------+
; Assignment                      ; Value              ; From ; To                                                                 ;
+---------------------------------+--------------------+------+--------------------------------------------------------------------+
; OPTIMIZE_POWER_DURING_SYNTHESIS ; NORMAL_COMPILATION ; -    ; -                                                                  ;
+---------------------------------+--------------------+------+--------------------------------------------------------------------+


+-----------------------------------------------------------------------------------------------------------------------------------+
; Source assignments for VGA640480:visual|MapGraphic:u0|playerrom:u2|altsyncram:altsyncram_component|altsyncram_8k71:auto_generated ;
+---------------------------------+--------------------+------+---------------------------------------------------------------------+
; Assignment                      ; Value              ; From ; To                                                                  ;
+---------------------------------+--------------------+------+---------------------------------------------------------------------+
; OPTIMIZE_POWER_DURING_SYNTHESIS ; NORMAL_COMPILATION ; -    ; -                                                                   ;
+---------------------------------+--------------------+------+---------------------------------------------------------------------+


+-------------------------------------------------------------+
; Parameter Settings for User Entity Instance: ClkDivider:u00 ;
+----------------+-------+------------------------------------+
; Parameter Name ; Value ; Type                               ;
+----------------+-------+------------------------------------+
; n              ; 6     ; Signed Integer                     ;
+----------------+-------+------------------------------------+
Note: In order to hide this table in the UI and the text report file, please set the "Show Parameter Settings Tables in Synthesis Report" option in "Analysis and Synthesis Settings -> More Settings" to "Off".


+--------------------------------------------------------------+
; Parameter Settings for User Entity Instance: ClkDivider:u000 ;
+----------------+-------+-------------------------------------+
; Parameter Name ; Value ; Type                                ;
+----------------+-------+-------------------------------------+
; n              ; 12    ; Signed Integer                      ;
+----------------+-------+-------------------------------------+
Note: In order to hide this table in the UI and the text report file, please set the "Show Parameter Settings Tables in Synthesis Report" option in "Analysis and Synthesis Settings -> More Settings" to "Off".


+------------------------------------------------------------+
; Parameter Settings for User Entity Instance: connector:net ;
+----------------+-------+-----------------------------------+
; Parameter Name ; Value ; Type                              ;
+----------------+-------+-----------------------------------+
; maxlenth       ; 23    ; Signed Integer                    ;
+----------------+-------+-----------------------------------+
Note: In order to hide this table in the UI and the text report file, please set the "Show Parameter Settings Tables in Synthesis Report" option in "Analysis and Synthesis Settings -> More Settings" to "Off".


+------------------------------------------------------------------------+
; Parameter Settings for User Entity Instance: connector:net|receiver:u0 ;
+----------------+-------+-----------------------------------------------+
; Parameter Name ; Value ; Type                                          ;
+----------------+-------+-----------------------------------------------+
; maxlenth       ; 23    ; Signed Integer                                ;
+----------------+-------+-----------------------------------------------+
Note: In order to hide this table in the UI and the text report file, please set the "Show Parameter Settings Tables in Synthesis Report" option in "Analysis and Synthesis Settings -> More Settings" to "Off".


+----------------------------------------------------------------------+
; Parameter Settings for User Entity Instance: connector:net|sender:u1 ;
+----------------+-------+---------------------------------------------+
; Parameter Name ; Value ; Type                                        ;
+----------------+-------+---------------------------------------------+
; maxlenth       ; 23    ; Signed Integer                              ;
+----------------+-------+---------------------------------------------+
Note: In order to hide this table in the UI and the text report file, please set the "Show Parameter Settings Tables in Synthesis Report" option in "Analysis and Synthesis Settings -> More Settings" to "Off".


+-----------------------------------------------------------------------------------------------------------------------+
; Parameter Settings for User Entity Instance: VGA640480:visual|MapGraphic:u0|maprom:u0|altsyncram:altsyncram_component ;
+------------------------------------+----------------------+-----------------------------------------------------------+
; Parameter Name                     ; Value                ; Type                                                      ;
+------------------------------------+----------------------+-----------------------------------------------------------+
; BYTE_SIZE_BLOCK                    ; 8                    ; Untyped                                                   ;
; AUTO_CARRY_CHAINS                  ; ON                   ; AUTO_CARRY                                                ;
; IGNORE_CARRY_BUFFERS               ; OFF                  ; IGNORE_CARRY                                              ;
; AUTO_CASCADE_CHAINS                ; ON                   ; AUTO_CASCADE                                              ;
; IGNORE_CASCADE_BUFFERS             ; OFF                  ; IGNORE_CASCADE                                            ;
; WIDTH_BYTEENA                      ; 1                    ; Untyped                                                   ;
; OPERATION_MODE                     ; ROM                  ; Untyped                                                   ;
; WIDTH_A                            ; 6                    ; Signed Integer                                            ;
; WIDTHAD_A                          ; 13                   ; Signed Integer                                            ;
; NUMWORDS_A                         ; 8192                 ; Signed Integer                                            ;
; OUTDATA_REG_A                      ; CLOCK0               ; Untyped                                                   ;
; ADDRESS_ACLR_A                     ; NONE                 ; Untyped                                                   ;
; OUTDATA_ACLR_A                     ; NONE                 ; Untyped                                                   ;
; WRCONTROL_ACLR_A                   ; NONE                 ; Untyped                                                   ;
; INDATA_ACLR_A                      ; NONE                 ; Untyped                                                   ;
; BYTEENA_ACLR_A                     ; NONE                 ; Untyped                                                   ;
; WIDTH_B                            ; 1                    ; Untyped                                                   ;
; WIDTHAD_B                          ; 1                    ; Untyped                                                   ;
; NUMWORDS_B                         ; 1                    ; Untyped                                                   ;
; INDATA_REG_B                       ; CLOCK1               ; Untyped                                                   ;
; WRCONTROL_WRADDRESS_REG_B          ; CLOCK1               ; Untyped                                                   ;
; RDCONTROL_REG_B                    ; CLOCK1               ; Untyped                                                   ;
; ADDRESS_REG_B                      ; CLOCK1               ; Untyped                                                   ;
; OUTDATA_REG_B                      ; UNREGISTERED         ; Untyped                                                   ;
; BYTEENA_REG_B                      ; CLOCK1               ; Untyped                                                   ;
; INDATA_ACLR_B                      ; NONE                 ; Untyped                                                   ;
; WRCONTROL_ACLR_B                   ; NONE                 ; Untyped                                                   ;
; ADDRESS_ACLR_B                     ; NONE                 ; Untyped                                                   ;
; OUTDATA_ACLR_B                     ; NONE                 ; Untyped                                                   ;
; RDCONTROL_ACLR_B                   ; NONE                 ; Untyped                                                   ;
; BYTEENA_ACLR_B                     ; NONE                 ; Untyped                                                   ;
; WIDTH_BYTEENA_A                    ; 1                    ; Signed Integer                                            ;
; WIDTH_BYTEENA_B                    ; 1                    ; Untyped                                                   ;
; RAM_BLOCK_TYPE                     ; AUTO                 ; Untyped                                                   ;
; BYTE_SIZE                          ; 8                    ; Untyped                                                   ;
; READ_DURING_WRITE_MODE_MIXED_PORTS ; DONT_CARE            ; Untyped                                                   ;
; READ_DURING_WRITE_MODE_PORT_A      ; NEW_DATA_NO_NBE_READ ; Untyped                                                   ;
; READ_DURING_WRITE_MODE_PORT_B      ; NEW_DATA_NO_NBE_READ ; Untyped                                                   ;
; INIT_FILE                          ; ../../res/map.mif    ; Untyped                                                   ;
; INIT_FILE_LAYOUT                   ; PORT_A               ; Untyped                                                   ;
; MAXIMUM_DEPTH                      ; 0                    ; Untyped                                                   ;
; CLOCK_ENABLE_INPUT_A               ; BYPASS               ; Untyped                                                   ;
; CLOCK_ENABLE_INPUT_B               ; NORMAL               ; Untyped                                                   ;
; CLOCK_ENABLE_OUTPUT_A              ; BYPASS               ; Untyped                                                   ;
; CLOCK_ENABLE_OUTPUT_B              ; NORMAL               ; Untyped                                                   ;
; CLOCK_ENABLE_CORE_A                ; USE_INPUT_CLKEN      ; Untyped                                                   ;
; CLOCK_ENABLE_CORE_B                ; USE_INPUT_CLKEN      ; Untyped                                                   ;
; ENABLE_ECC                         ; FALSE                ; Untyped                                                   ;
; DEVICE_FAMILY                      ; Cyclone II           ; Untyped                                                   ;
; CBXI_PARAMETER                     ; altsyncram_4h71      ; Untyped                                                   ;
+------------------------------------+----------------------+-----------------------------------------------------------+
Note: In order to hide this table in the UI and the text report file, please set the "Show Parameter Settings Tables in Synthesis Report" option in "Analysis and Synthesis Settings -> More Settings" to "Off".


+-------------------------------------------------------------------------------------------------------------------------+
; Parameter Settings for User Entity Instance: VGA640480:visual|MapGraphic:u0|blockrom:u1|altsyncram:altsyncram_component ;
+------------------------------------+----------------------+-------------------------------------------------------------+
; Parameter Name                     ; Value                ; Type                                                        ;
+------------------------------------+----------------------+-------------------------------------------------------------+
; BYTE_SIZE_BLOCK                    ; 8                    ; Untyped                                                     ;
; AUTO_CARRY_CHAINS                  ; ON                   ; AUTO_CARRY                                                  ;
; IGNORE_CARRY_BUFFERS               ; OFF                  ; IGNORE_CARRY                                                ;
; AUTO_CASCADE_CHAINS                ; ON                   ; AUTO_CASCADE                                                ;
; IGNORE_CASCADE_BUFFERS             ; OFF                  ; IGNORE_CASCADE                                              ;
; WIDTH_BYTEENA                      ; 1                    ; Untyped                                                     ;
; OPERATION_MODE                     ; ROM                  ; Untyped                                                     ;
; WIDTH_A                            ; 9                    ; Signed Integer                                              ;
; WIDTHAD_A                          ; 12                   ; Signed Integer                                              ;
; NUMWORDS_A                         ; 4096                 ; Signed Integer                                              ;
; OUTDATA_REG_A                      ; CLOCK0               ; Untyped                                                     ;
; ADDRESS_ACLR_A                     ; NONE                 ; Untyped                                                     ;
; OUTDATA_ACLR_A                     ; NONE                 ; Untyped                                                     ;
; WRCONTROL_ACLR_A                   ; NONE                 ; Untyped                                                     ;
; INDATA_ACLR_A                      ; NONE                 ; Untyped                                                     ;
; BYTEENA_ACLR_A                     ; NONE                 ; Untyped                                                     ;
; WIDTH_B                            ; 1                    ; Untyped                                                     ;
; WIDTHAD_B                          ; 1                    ; Untyped                                                     ;
; NUMWORDS_B                         ; 1                    ; Untyped                                                     ;
; INDATA_REG_B                       ; CLOCK1               ; Untyped                                                     ;
; WRCONTROL_WRADDRESS_REG_B          ; CLOCK1               ; Untyped                                                     ;
; RDCONTROL_REG_B                    ; CLOCK1               ; Untyped                                                     ;
; ADDRESS_REG_B                      ; CLOCK1               ; Untyped                                                     ;
; OUTDATA_REG_B                      ; UNREGISTERED         ; Untyped                                                     ;
; BYTEENA_REG_B                      ; CLOCK1               ; Untyped                                                     ;
; INDATA_ACLR_B                      ; NONE                 ; Untyped                                                     ;
; WRCONTROL_ACLR_B                   ; NONE                 ; Untyped                                                     ;
; ADDRESS_ACLR_B                     ; NONE                 ; Untyped                                                     ;
; OUTDATA_ACLR_B                     ; NONE                 ; Untyped                                                     ;
; RDCONTROL_ACLR_B                   ; NONE                 ; Untyped                                                     ;
; BYTEENA_ACLR_B                     ; NONE                 ; Untyped                                                     ;
; WIDTH_BYTEENA_A                    ; 1                    ; Signed Integer                                              ;
; WIDTH_BYTEENA_B                    ; 1                    ; Untyped                                                     ;
; RAM_BLOCK_TYPE                     ; AUTO                 ; Untyped                                                     ;
; BYTE_SIZE                          ; 8                    ; Untyped                                                     ;
; READ_DURING_WRITE_MODE_MIXED_PORTS ; DONT_CARE            ; Untyped                                                     ;
; READ_DURING_WRITE_MODE_PORT_A      ; NEW_DATA_NO_NBE_READ ; Untyped                                                     ;
; READ_DURING_WRITE_MODE_PORT_B      ; NEW_DATA_NO_NBE_READ ; Untyped                                                     ;
; INIT_FILE                          ; ../../res/block.mif  ; Untyped                                                     ;
; INIT_FILE_LAYOUT                   ; PORT_A               ; Untyped                                                     ;
; MAXIMUM_DEPTH                      ; 0                    ; Untyped                                                     ;
; CLOCK_ENABLE_INPUT_A               ; BYPASS               ; Untyped                                                     ;
; CLOCK_ENABLE_INPUT_B               ; NORMAL               ; Untyped                                                     ;
; CLOCK_ENABLE_OUTPUT_A              ; BYPASS               ; Untyped                                                     ;
; CLOCK_ENABLE_OUTPUT_B              ; NORMAL               ; Untyped                                                     ;
; CLOCK_ENABLE_CORE_A                ; USE_INPUT_CLKEN      ; Untyped                                                     ;
; CLOCK_ENABLE_CORE_B                ; USE_INPUT_CLKEN      ; Untyped                                                     ;
; ENABLE_ECC                         ; FALSE                ; Untyped                                                     ;
; DEVICE_FAMILY                      ; Cyclone II           ; Untyped                                                     ;
; CBXI_PARAMETER                     ; altsyncram_in71      ; Untyped                                                     ;
+------------------------------------+----------------------+-------------------------------------------------------------+
Note: In order to hide this table in the UI and the text report file, please set the "Show Parameter Settings Tables in Synthesis Report" option in "Analysis and Synthesis Settings -> More Settings" to "Off".


+--------------------------------------------------------------------------------------------------------------------------+
; Parameter Settings for User Entity Instance: VGA640480:visual|MapGraphic:u0|playerrom:u2|altsyncram:altsyncram_component ;
+------------------------------------+----------------------+--------------------------------------------------------------+
; Parameter Name                     ; Value                ; Type                                                         ;
+------------------------------------+----------------------+--------------------------------------------------------------+
; BYTE_SIZE_BLOCK                    ; 8                    ; Untyped                                                      ;
; AUTO_CARRY_CHAINS                  ; ON                   ; AUTO_CARRY                                                   ;
; IGNORE_CARRY_BUFFERS               ; OFF                  ; IGNORE_CARRY                                                 ;
; AUTO_CASCADE_CHAINS                ; ON                   ; AUTO_CASCADE                                                 ;
; IGNORE_CASCADE_BUFFERS             ; OFF                  ; IGNORE_CASCADE                                               ;
; WIDTH_BYTEENA                      ; 1                    ; Untyped                                                      ;
; OPERATION_MODE                     ; ROM                  ; Untyped                                                      ;
; WIDTH_A                            ; 9                    ; Signed Integer                                               ;
; WIDTHAD_A                          ; 8                    ; Signed Integer                                               ;
; NUMWORDS_A                         ; 256                  ; Signed Integer                                               ;
; OUTDATA_REG_A                      ; CLOCK0               ; Untyped                                                      ;
; ADDRESS_ACLR_A                     ; NONE                 ; Untyped                                                      ;
; OUTDATA_ACLR_A                     ; NONE                 ; Untyped                                                      ;
; WRCONTROL_ACLR_A                   ; NONE                 ; Untyped                                                      ;
; INDATA_ACLR_A                      ; NONE                 ; Untyped                                                      ;
; BYTEENA_ACLR_A                     ; NONE                 ; Untyped                                                      ;
; WIDTH_B                            ; 1                    ; Untyped                                                      ;
; WIDTHAD_B                          ; 1                    ; Untyped                                                      ;
; NUMWORDS_B                         ; 1                    ; Untyped                                                      ;
; INDATA_REG_B                       ; CLOCK1               ; Untyped                                                      ;
; WRCONTROL_WRADDRESS_REG_B          ; CLOCK1               ; Untyped                                                      ;
; RDCONTROL_REG_B                    ; CLOCK1               ; Untyped                                                      ;
; ADDRESS_REG_B                      ; CLOCK1               ; Untyped                                                      ;
; OUTDATA_REG_B                      ; UNREGISTERED         ; Untyped                                                      ;
; BYTEENA_REG_B                      ; CLOCK1               ; Untyped                                                      ;
; INDATA_ACLR_B                      ; NONE                 ; Untyped                                                      ;
; WRCONTROL_ACLR_B                   ; NONE                 ; Untyped                                                      ;
; ADDRESS_ACLR_B                     ; NONE                 ; Untyped                                                      ;
; OUTDATA_ACLR_B                     ; NONE                 ; Untyped                                                      ;
; RDCONTROL_ACLR_B                   ; NONE                 ; Untyped                                                      ;
; BYTEENA_ACLR_B                     ; NONE                 ; Untyped                                                      ;
; WIDTH_BYTEENA_A                    ; 1                    ; Signed Integer                                               ;
; WIDTH_BYTEENA_B                    ; 1                    ; Untyped                                                      ;
; RAM_BLOCK_TYPE                     ; AUTO                 ; Untyped                                                      ;
; BYTE_SIZE                          ; 8                    ; Untyped                                                      ;
; READ_DURING_WRITE_MODE_MIXED_PORTS ; DONT_CARE            ; Untyped                                                      ;
; READ_DURING_WRITE_MODE_PORT_A      ; NEW_DATA_NO_NBE_READ ; Untyped                                                      ;
; READ_DURING_WRITE_MODE_PORT_B      ; NEW_DATA_NO_NBE_READ ; Untyped                                                      ;
; INIT_FILE                          ; ../res/player.mif    ; Untyped                                                      ;
; INIT_FILE_LAYOUT                   ; PORT_A               ; Untyped                                                      ;
; MAXIMUM_DEPTH                      ; 0                    ; Untyped                                                      ;
; CLOCK_ENABLE_INPUT_A               ; BYPASS               ; Untyped                                                      ;
; CLOCK_ENABLE_INPUT_B               ; NORMAL               ; Untyped                                                      ;
; CLOCK_ENABLE_OUTPUT_A              ; BYPASS               ; Untyped                                                      ;
; CLOCK_ENABLE_OUTPUT_B              ; NORMAL               ; Untyped                                                      ;
; CLOCK_ENABLE_CORE_A                ; USE_INPUT_CLKEN      ; Untyped                                                      ;
; CLOCK_ENABLE_CORE_B                ; USE_INPUT_CLKEN      ; Untyped                                                      ;
; ENABLE_ECC                         ; FALSE                ; Untyped                                                      ;
; DEVICE_FAMILY                      ; Cyclone II           ; Untyped                                                      ;
; CBXI_PARAMETER                     ; altsyncram_8k71      ; Untyped                                                      ;
+------------------------------------+----------------------+--------------------------------------------------------------+
Note: In order to hide this table in the UI and the text report file, please set the "Show Parameter Settings Tables in Synthesis Report" option in "Analysis and Synthesis Settings -> More Settings" to "Off".


+-------------------------------------------------------------------------------------------------------------------------+
; altsyncram Parameter Settings by Entity Instance                                                                        ;
+-------------------------------------------+-----------------------------------------------------------------------------+
; Name                                      ; Value                                                                       ;
+-------------------------------------------+-----------------------------------------------------------------------------+
; Number of entity instances                ; 3                                                                           ;
; Entity Instance                           ; VGA640480:visual|MapGraphic:u0|maprom:u0|altsyncram:altsyncram_component    ;
;     -- OPERATION_MODE                     ; ROM                                                                         ;
;     -- WIDTH_A                            ; 6                                                                           ;
;     -- NUMWORDS_A                         ; 8192                                                                        ;
;     -- OUTDATA_REG_A                      ; CLOCK0                                                                      ;
;     -- WIDTH_B                            ; 1                                                                           ;
;     -- NUMWORDS_B                         ; 1                                                                           ;
;     -- ADDRESS_REG_B                      ; CLOCK1                                                                      ;
;     -- OUTDATA_REG_B                      ; UNREGISTERED                                                                ;
;     -- RAM_BLOCK_TYPE                     ; AUTO                                                                        ;
;     -- READ_DURING_WRITE_MODE_MIXED_PORTS ; DONT_CARE                                                                   ;
; Entity Instance                           ; VGA640480:visual|MapGraphic:u0|blockrom:u1|altsyncram:altsyncram_component  ;
;     -- OPERATION_MODE                     ; ROM                                                                         ;
;     -- WIDTH_A                            ; 9                                                                           ;
;     -- NUMWORDS_A                         ; 4096                                                                        ;
;     -- OUTDATA_REG_A                      ; CLOCK0                                                                      ;
;     -- WIDTH_B                            ; 1                                                                           ;
;     -- NUMWORDS_B                         ; 1                                                                           ;
;     -- ADDRESS_REG_B                      ; CLOCK1                                                                      ;
;     -- OUTDATA_REG_B                      ; UNREGISTERED                                                                ;
;     -- RAM_BLOCK_TYPE                     ; AUTO                                                                        ;
;     -- READ_DURING_WRITE_MODE_MIXED_PORTS ; DONT_CARE                                                                   ;
; Entity Instance                           ; VGA640480:visual|MapGraphic:u0|playerrom:u2|altsyncram:altsyncram_component ;
;     -- OPERATION_MODE                     ; ROM                                                                         ;
;     -- WIDTH_A                            ; 9                                                                           ;
;     -- NUMWORDS_A                         ; 256                                                                         ;
;     -- OUTDATA_REG_A                      ; CLOCK0                                                                      ;
;     -- WIDTH_B                            ; 1                                                                           ;
;     -- NUMWORDS_B                         ; 1                                                                           ;
;     -- ADDRESS_REG_B                      ; CLOCK1                                                                      ;
;     -- OUTDATA_REG_B                      ; UNREGISTERED                                                                ;
;     -- RAM_BLOCK_TYPE                     ; AUTO                                                                        ;
;     -- READ_DURING_WRITE_MODE_MIXED_PORTS ; DONT_CARE                                                                   ;
+-------------------------------------------+-----------------------------------------------------------------------------+


+-------------------------------------------------------------------------------------------------------------------------+
; Port Connectivity Checks: "VGA640480:visual|MapGraphic:u0|playerrom:u2"                                                 ;
+---------------+--------+----------+-------------------------------------------------------------------------------------+
; Port          ; Type   ; Severity ; Details                                                                             ;
+---------------+--------+----------+-------------------------------------------------------------------------------------+
; address[7..6] ; Input  ; Info     ; Stuck at GND                                                                        ;
; q[8..6]       ; Output ; Info     ; Connected to dangling logic. Logic that only feeds a dangling port will be removed. ;
+---------------+--------+----------+-------------------------------------------------------------------------------------+


+--------------------------------------------------------------------------------------------------------------------------+
; Port Connectivity Checks: "connector:net"                                                                                ;
+----------------+--------+----------+-------------------------------------------------------------------------------------+
; Port           ; Type   ; Severity ; Details                                                                             ;
+----------------+--------+----------+-------------------------------------------------------------------------------------+
; send           ; Output ; Info     ; Connected to dangling logic. Logic that only feeds a dangling port will be removed. ;
; datareceive[0] ; Output ; Info     ; Connected to dangling logic. Logic that only feeds a dangling port will be removed. ;
+----------------+--------+----------+-------------------------------------------------------------------------------------+


+------------------------------------------------------------------------------------------------------------------+
; Port Connectivity Checks: "ClkDivider:u000"                                                                      ;
+--------+--------+----------+-------------------------------------------------------------------------------------+
; Port   ; Type   ; Severity ; Details                                                                             ;
+--------+--------+----------+-------------------------------------------------------------------------------------+
; clkout ; Output ; Info     ; Connected to dangling logic. Logic that only feeds a dangling port will be removed. ;
+--------+--------+----------+-------------------------------------------------------------------------------------+


+-------------------------------+
; Analysis & Synthesis Messages ;
+-------------------------------+
Info: *******************************************************************
Info: Running Quartus II Analysis & Synthesis
    Info: Version 9.0 Build 132 02/25/2009 SJ Full Version
    Info: Processing started: Mon May 29 15:38:05 2017
Info: Command: quartus_map --read_settings_files=on --write_settings_files=off MoveOrDieServer -c MoveOrDieServer
Info: Found 2 design units, including 1 entities, in source file ../src/rom/blockrom.vhd
    Info: Found design unit 1: blockrom-SYN
    Info: Found entity 1: blockrom
Info: Found 2 design units, including 1 entities, in source file ../src/rom/maprom.vhd
    Info: Found design unit 1: maprom-SYN
    Info: Found entity 1: maprom
Info: Found 2 design units, including 1 entities, in source file ../src/rom/playerrom.vhd
    Info: Found design unit 1: playerrom-SYN
    Info: Found entity 1: playerrom
Info: Found 2 design units, including 1 entities, in source file ../src/utils/displaydecoder.vhd
    Info: Found design unit 1: DisplayDecoder-behave
    Info: Found entity 1: DisplayDecoder
Info: Found 2 design units, including 1 entities, in source file ../src/utils/clkdivider.vhd
    Info: Found design unit 1: ClkDivider-behave
    Info: Found entity 1: ClkDivider
Info: Found 2 design units, including 1 entities, in source file ../src/map/mapgraphic.vhd
    Info: Found design unit 1: MapGraphic-RomBehave
    Info: Found entity 1: MapGraphic
Info: Found 2 design units, including 1 entities, in source file ../src/map/maplogic.vhd
    Info: Found design unit 1: MapLogic-RomBehave
    Info: Found entity 1: MapLogic
Info: Found 2 design units, including 1 entities, in source file ../src/vga/digital_rom.vhd
    Info: Found design unit 1: digital_rom-SYN
    Info: Found entity 1: digital_rom
Info: Found 2 design units, including 1 entities, in source file ../src/vga/vga_rom.vhd
    Info: Found design unit 1: vga_rom-vga_rom
    Info: Found entity 1: vga_rom
Info: Found 2 design units, including 1 entities, in source file ../src/vga/vga640480.vhd
    Info: Found design unit 1: VGA640480-behavior
    Info: Found entity 1: VGA640480
Info: Found 2 design units, including 1 entities, in source file ../src/network/connector.vhd
    Info: Found design unit 1: connector-sess
    Info: Found entity 1: connector
Info: Found 2 design units, including 1 entities, in source file ../src/network/receiver.vhd
    Info: Found design unit 1: receiver-ses
    Info: Found entity 1: receiver
Info: Found 2 design units, including 1 entities, in source file ../src/network/sender.vhd
    Info: Found design unit 1: sender-ses
    Info: Found entity 1: sender
Info: Found 2 design units, including 1 entities, in source file ../src/top/moveordieserver.vhd
    Info: Found design unit 1: MoveOrDieServer-sss
    Info: Found entity 1: MoveOrDieServer
Info: Elaborating entity "MoveOrDieServer" for the top level hierarchy
Warning (10541): VHDL Signal Declaration warning at moveordieserver.vhd(63): used implicit default value for signal "dataToSend" because signal was never assigned a value or an explicit default value. Use of implicit default value may introduce unintended design optimizations.
Warning (10541): VHDL Signal Declaration warning at moveordieserver.vhd(64): used implicit default value for signal "ESend" because signal was never assigned a value or an explicit default value. Use of implicit default value may introduce unintended design optimizations.
Warning (10036): Verilog HDL or VHDL warning at moveordieserver.vhd(64): object "send" assigned a value but never read
Warning (10036): Verilog HDL or VHDL warning at moveordieserver.vhd(65): object "swp_CLK_div12" assigned a value but never read
Info: Elaborating entity "ClkDivider" for hierarchy "ClkDivider:u00"
Info: Elaborating entity "ClkDivider" for hierarchy "ClkDivider:u000"
Info: Elaborating entity "connector" for hierarchy "connector:net"
Info: Elaborating entity "receiver" for hierarchy "connector:net|receiver:u0"
Info (10041): Inferred latch for "data[0]" at receiver.vhd(24)
Info (10041): Inferred latch for "data[1]" at receiver.vhd(24)
Info (10041): Inferred latch for "data[2]" at receiver.vhd(24)
Info (10041): Inferred latch for "data[3]" at receiver.vhd(24)
Info (10041): Inferred latch for "data[4]" at receiver.vhd(24)
Info (10041): Inferred latch for "data[5]" at receiver.vhd(24)
Info (10041): Inferred latch for "data[6]" at receiver.vhd(24)
Info (10041): Inferred latch for "data[7]" at receiver.vhd(24)
Info (10041): Inferred latch for "data[8]" at receiver.vhd(24)
Info (10041): Inferred latch for "data[9]" at receiver.vhd(24)
Info (10041): Inferred latch for "data[10]" at receiver.vhd(24)
Info (10041): Inferred latch for "data[11]" at receiver.vhd(24)
Info (10041): Inferred latch for "data[12]" at receiver.vhd(24)
Info (10041): Inferred latch for "data[13]" at receiver.vhd(24)
Info (10041): Inferred latch for "data[14]" at receiver.vhd(24)
Info (10041): Inferred latch for "data[15]" at receiver.vhd(24)
Info (10041): Inferred latch for "data[16]" at receiver.vhd(24)
Info (10041): Inferred latch for "data[17]" at receiver.vhd(24)
Info (10041): Inferred latch for "data[18]" at receiver.vhd(24)
Info (10041): Inferred latch for "data[19]" at receiver.vhd(24)
Info (10041): Inferred latch for "data[20]" at receiver.vhd(24)
Info (10041): Inferred latch for "data[21]" at receiver.vhd(24)
Info (10041): Inferred latch for "data[22]" at receiver.vhd(24)
Info: Elaborating entity "sender" for hierarchy "connector:net|sender:u1"
Info: Elaborating entity "VGA640480" for hierarchy "VGA640480:visual"
Info: Elaborating entity "MapGraphic" for hierarchy "VGA640480:visual|MapGraphic:u0"
Warning (10492): VHDL Process Statement warning at mapgraphic.vhd(85): signal "p1X" is read inside the Process Statement but isn't in the Process Statement's sensitivity list
Warning (10492): VHDL Process Statement warning at mapgraphic.vhd(85): signal "p1Y" is read inside the Process Statement but isn't in the Process Statement's sensitivity list
Warning (10492): VHDL Process Statement warning at mapgraphic.vhd(87): signal "p1Hp" is read inside the Process Statement but isn't in the Process Statement's sensitivity list
Warning (10492): VHDL Process Statement warning at mapgraphic.vhd(88): signal "playerRGB" is read inside the Process Statement but isn't in the Process Statement's sensitivity list
Warning (10492): VHDL Process Statement warning at mapgraphic.vhd(89): signal "playerRGB" is read inside the Process Statement but isn't in the Process Statement's sensitivity list
Warning (10631): VHDL Process Statement warning at mapgraphic.vhd(84): inferring latch(es) for signal or variable "playerCode", which holds its previous value in one or more paths through the process
Info (10041): Inferred latch for "playerCode[0]" at mapgraphic.vhd(84)
Info (10041): Inferred latch for "playerCode[1]" at mapgraphic.vhd(84)
Info: Elaborating entity "maprom" for hierarchy "VGA640480:visual|MapGraphic:u0|maprom:u0"
Info: Elaborating entity "altsyncram" for hierarchy "VGA640480:visual|MapGraphic:u0|maprom:u0|altsyncram:altsyncram_component"
Info: Elaborated megafunction instantiation "VGA640480:visual|MapGraphic:u0|maprom:u0|altsyncram:altsyncram_component"
Info: Instantiated megafunction "VGA640480:visual|MapGraphic:u0|maprom:u0|altsyncram:altsyncram_component" with the following parameter:
    Info: Parameter "clock_enable_input_a" = "BYPASS"
    Info: Parameter "clock_enable_output_a" = "BYPASS"
    Info: Parameter "init_file" = "../../res/map.mif"
    Info: Parameter "intended_device_family" = "Cyclone II"
    Info: Parameter "lpm_hint" = "ENABLE_RUNTIME_MOD=NO"
    Info: Parameter "lpm_type" = "altsyncram"
    Info: Parameter "numwords_a" = "8192"
    Info: Parameter "operation_mode" = "ROM"
    Info: Parameter "outdata_aclr_a" = "NONE"
    Info: Parameter "outdata_reg_a" = "CLOCK0"
    Info: Parameter "widthad_a" = "13"
    Info: Parameter "width_a" = "6"
    Info: Parameter "width_byteena_a" = "1"
Info: Found 1 design units, including 1 entities, in source file db/altsyncram_4h71.tdf
    Info: Found entity 1: altsyncram_4h71
Info: Elaborating entity "altsyncram_4h71" for hierarchy "VGA640480:visual|MapGraphic:u0|maprom:u0|altsyncram:altsyncram_component|altsyncram_4h71:auto_generated"
Critical Warning: Memory depth (8192) in the design file differs from memory depth (4800) in the Memory Initialization File "map.mif" -- setting initial value for remaining addresses to 0
Info: Found 1 design units, including 1 entities, in source file db/decode_1oa.tdf
    Info: Found entity 1: decode_1oa
Info: Elaborating entity "decode_1oa" for hierarchy "VGA640480:visual|MapGraphic:u0|maprom:u0|altsyncram:altsyncram_component|altsyncram_4h71:auto_generated|decode_1oa:deep_decode"
Info: Found 1 design units, including 1 entities, in source file db/mux_fib.tdf
    Info: Found entity 1: mux_fib
Info: Elaborating entity "mux_fib" for hierarchy "VGA640480:visual|MapGraphic:u0|maprom:u0|altsyncram:altsyncram_component|altsyncram_4h71:auto_generated|mux_fib:mux2"
Info: Elaborating entity "blockrom" for hierarchy "VGA640480:visual|MapGraphic:u0|blockrom:u1"
Info: Elaborating entity "altsyncram" for hierarchy "VGA640480:visual|MapGraphic:u0|blockrom:u1|altsyncram:altsyncram_component"
Info: Elaborated megafunction instantiation "VGA640480:visual|MapGraphic:u0|blockrom:u1|altsyncram:altsyncram_component"
Info: Instantiated megafunction "VGA640480:visual|MapGraphic:u0|blockrom:u1|altsyncram:altsyncram_component" with the following parameter:
    Info: Parameter "clock_enable_input_a" = "BYPASS"
    Info: Parameter "clock_enable_output_a" = "BYPASS"
    Info: Parameter "init_file" = "../../res/block.mif"
    Info: Parameter "intended_device_family" = "Cyclone II"
    Info: Parameter "lpm_hint" = "ENABLE_RUNTIME_MOD=NO"
    Info: Parameter "lpm_type" = "altsyncram"
    Info: Parameter "numwords_a" = "4096"
    Info: Parameter "operation_mode" = "ROM"
    Info: Parameter "outdata_aclr_a" = "NONE"
    Info: Parameter "outdata_reg_a" = "CLOCK0"
    Info: Parameter "widthad_a" = "12"
    Info: Parameter "width_a" = "9"
    Info: Parameter "width_byteena_a" = "1"
Info: Found 1 design units, including 1 entities, in source file db/altsyncram_in71.tdf
    Info: Found entity 1: altsyncram_in71
Info: Elaborating entity "altsyncram_in71" for hierarchy "VGA640480:visual|MapGraphic:u0|blockrom:u1|altsyncram:altsyncram_component|altsyncram_in71:auto_generated"
Info: Elaborating entity "playerrom" for hierarchy "VGA640480:visual|MapGraphic:u0|playerrom:u2"
Info: Elaborating entity "altsyncram" for hierarchy "VGA640480:visual|MapGraphic:u0|playerrom:u2|altsyncram:altsyncram_component"
Info: Elaborated megafunction instantiation "VGA640480:visual|MapGraphic:u0|playerrom:u2|altsyncram:altsyncram_component"
Info: Instantiated megafunction "VGA640480:visual|MapGraphic:u0|playerrom:u2|altsyncram:altsyncram_component" with the following parameter:
    Info: Parameter "clock_enable_input_a" = "BYPASS"
    Info: Parameter "clock_enable_output_a" = "BYPASS"
    Info: Parameter "init_file" = "../res/player.mif"
    Info: Parameter "intended_device_family" = "Cyclone II"
    Info: Parameter "lpm_hint" = "ENABLE_RUNTIME_MOD=NO"
    Info: Parameter "lpm_type" = "altsyncram"
    Info: Parameter "numwords_a" = "256"
    Info: Parameter "operation_mode" = "ROM"
    Info: Parameter "outdata_aclr_a" = "NONE"
    Info: Parameter "outdata_reg_a" = "CLOCK0"
    Info: Parameter "widthad_a" = "8"
    Info: Parameter "width_a" = "9"
    Info: Parameter "width_byteena_a" = "1"
Info: Found 1 design units, including 1 entities, in source file db/altsyncram_8k71.tdf
    Info: Found entity 1: altsyncram_8k71
Info: Elaborating entity "altsyncram_8k71" for hierarchy "VGA640480:visual|MapGraphic:u0|playerrom:u2|altsyncram:altsyncram_component|altsyncram_8k71:auto_generated"
Warning: Synthesized away the following node(s):
    Warning: Synthesized away the following RAM node(s):
        Warning (14320): Synthesized away node "VGA640480:visual|MapGraphic:u0|playerrom:u2|altsyncram:altsyncram_component|altsyncram_8k71:auto_generated|q_a[6]"
        Warning (14320): Synthesized away node "VGA640480:visual|MapGraphic:u0|playerrom:u2|altsyncram:altsyncram_component|altsyncram_8k71:auto_generated|q_a[7]"
        Warning (14320): Synthesized away node "VGA640480:visual|MapGraphic:u0|playerrom:u2|altsyncram:altsyncram_component|altsyncram_8k71:auto_generated|q_a[8]"
Info: Removed 2 MSB VCC or GND address nodes from RAM block "VGA640480:visual|MapGraphic:u0|playerrom:u2|altsyncram:altsyncram_component|altsyncram_8k71:auto_generated|ALTSYNCRAM"
Warning: Design contains 1 input pin(s) that do not drive logic
    Warning (15610): No output dependent on input pin "clk25M"
Info: Implemented 297 device resources after synthesis - the final resource count might be different
    Info: Implemented 3 input pins
    Info: Implemented 20 output pins
    Info: Implemented 247 logic cells
    Info: Implemented 27 RAM segments
Info: Quartus II Analysis & Synthesis was successful. 0 errors, 18 warnings
    Info: Peak virtual memory: 275 megabytes
    Info: Processing ended: Mon May 29 15:38:09 2017
    Info: Elapsed time: 00:00:04
    Info: Total CPU time (on all processors): 00:00:03


